------------------------------------------------------------------------------------------------------------------------

[2024-03-29 12:49:54 #1 store] 
Database '/Users/sergiosantiago/developments/eclipse-workspace/conectados/conectados.odb' is opened by 98916@MacBook-Pro-de-Sergio-2.local

[2024-03-29 12:49:54 #2 store] 
Configuration path: ?

------------------------------------------------------------------------------------------------------------------------

[2024-03-29 12:56:04 #1 store] 
Database '/Users/sergiosantiago/developments/eclipse-workspace/conectados/conectados.odb' has been recovered (tr. 1-10)

[2024-03-29 12:56:04 #2 store] 
Database '/Users/sergiosantiago/developments/eclipse-workspace/conectados/conectados.odb' is opened by 4674@MacBook-Pro-de-Sergio-2.local

[2024-03-29 12:56:04 #3 store] 
Configuration path: ?

------------------------------------------------------------------------------------------------------------------------

[2024-03-29 12:58:28 #1 store] 
Database '/Users/sergiosantiago/developments/eclipse-workspace/conectados/conectados.odb' has been recovered (tr. 1-10)

[2024-03-29 12:58:28 #2 store] 
Database '/Users/sergiosantiago/developments/eclipse-workspace/conectados/conectados.odb' is opened by 6736@MacBook-Pro-de-Sergio-2.local

[2024-03-29 12:58:28 #3 store] 
Configuration path: ?

[2024-03-29 13:00:22 #4 store] 
Database '/Users/sergiosantiago/developments/eclipse-workspace/conectados/conectados.odb' is closed by 6736@MacBook-Pro-de-Sergio-2.local

------------------------------------------------------------------------------------------------------------------------

[2024-03-29 13:03:48 #1 store] 
Database '/Users/sergiosantiago/developments/eclipse-workspace/conectados/conectados.odb' is opened by 10989@MacBook-Pro-de-Sergio-2.local

[2024-03-29 13:03:48 #2 store] 
Configuration path: ?

[2024-03-29 13:06:52 #3 store] 
Database '/Users/sergiosantiago/developments/eclipse-workspace/conectados/conectados.odb' is closed by 10989@MacBook-Pro-de-Sergio-2.local

------------------------------------------------------------------------------------------------------------------------

[2024-03-29 13:07:30 #1 store] 
Database '/Users/sergiosantiago/developments/eclipse-workspace/conectados/conectados.odb' has been recovered (tr. 12-13)

[2024-03-29 13:07:30 #2 store] 
Database '/Users/sergiosantiago/developments/eclipse-workspace/conectados/conectados.odb' is opened by 13693@MacBook-Pro-de-Sergio-2.local

[2024-03-29 13:07:30 #3 store] 
Configuration path: ?

[2024-03-29 13:07:53 #4 store] 
Database '/Users/sergiosantiago/developments/eclipse-workspace/conectados/conectados.odb' is closed by 13693@MacBook-Pro-de-Sergio-2.local

------------------------------------------------------------------------------------------------------------------------

[2024-03-29 13:15:39 #1 store] 
Database '/Users/sergiosantiago/developments/eclipse-workspace/conectados/conectados.odb' is opened by 20263@MacBook-Pro-de-Sergio-2.local

[2024-03-29 13:15:39 #2 store] 
Configuration path: ?

------------------------------------------------------------------------------------------------------------------------

[2024-03-29 13:19:10 #1 store] 
Database '/Users/sergiosantiago/developments/eclipse-workspace/conectados/conectados.odb' has been recovered (tr. 9-11)

[2024-03-29 13:19:10 #2 store] 
Database '/Users/sergiosantiago/developments/eclipse-workspace/conectados/conectados.odb' is opened by 23045@MacBook-Pro-de-Sergio-2.local

[2024-03-29 13:19:10 #3 store] 
Configuration path: ?

[2024-03-29 13:20:06 #4 store] 
Database '/Users/sergiosantiago/developments/eclipse-workspace/conectados/conectados.odb' is closed by 23045@MacBook-Pro-de-Sergio-2.local

------------------------------------------------------------------------------------------------------------------------

[2024-03-29 14:47:09 #1 store] 
Database '/Users/sergiosantiago/developments/eclipse-workspace/conectados/conectados.odb' has been recovered (tr. 7-11)

[2024-03-29 14:47:10 #2 store] 
Database '/Users/sergiosantiago/developments/eclipse-workspace/conectados/conectados.odb' is opened by 81474@MacBook-Pro-de-Sergio-2.local

[2024-03-29 14:47:10 #3 store] 
Configuration path: ?

------------------------------------------------------------------------------------------------------------------------

[2024-03-29 15:29:32 #1 store] 
Database '/Users/sergiosantiago/developments/eclipse-workspace/conectados/conectados.odb' has been recovered (tr. 19-19)

[2024-03-29 15:29:32 #2 store] 
Database '/Users/sergiosantiago/developments/eclipse-workspace/conectados/conectados.odb' is opened by 23668@MacBook-Pro-de-Sergio-2.local

[2024-03-29 15:29:32 #3 store] 
Configuration path: ?

[2024-03-29 15:30:22 #4 store] 
Database '/Users/sergiosantiago/developments/eclipse-workspace/conectados/conectados.odb' is closed by 23668@MacBook-Pro-de-Sergio-2.local

------------------------------------------------------------------------------------------------------------------------

[2024-03-29 15:31:35 #1 store] 
Database '/Users/sergiosantiago/developments/eclipse-workspace/conectados/conectados.odb' has been recovered (tr. 20-20)

[2024-03-29 15:31:35 #2 store] 
Database '/Users/sergiosantiago/developments/eclipse-workspace/conectados/conectados.odb' is opened by 25217@MacBook-Pro-de-Sergio-2.local

[2024-03-29 15:31:35 #3 store] 
Configuration path: ?

------------------------------------------------------------------------------------------------------------------------

[2024-03-29 15:31:55 #1 store] 
Database '/Users/sergiosantiago/developments/eclipse-workspace/conectados/conectados.odb' is opened by 25465@MacBook-Pro-de-Sergio-2.local

[2024-03-29 15:31:55 #2 store] 
Configuration path: ?

[2024-03-29 15:32:06 #3 store] 
Database '/Users/sergiosantiago/developments/eclipse-workspace/conectados/conectados.odb' is closed by 25465@MacBook-Pro-de-Sergio-2.local

------------------------------------------------------------------------------------------------------------------------

[2024-03-29 15:33:06 #1 store] 
Database '/Users/sergiosantiago/developments/eclipse-workspace/conectados/conectados.odb' has been recovered (tr. 21-24)

[2024-03-29 15:33:06 #2 store] 
Database '/Users/sergiosantiago/developments/eclipse-workspace/conectados/conectados.odb' is opened by 26577@MacBook-Pro-de-Sergio-2.local

[2024-03-29 15:33:06 #3 store] 
Configuration path: ?

[2024-03-29 15:33:22 #4 store] 
Database '/Users/sergiosantiago/developments/eclipse-workspace/conectados/conectados.odb' is closed by 26577@MacBook-Pro-de-Sergio-2.local

------------------------------------------------------------------------------------------------------------------------

[2024-03-29 15:37:12 #1 store] 
Database '/Users/sergiosantiago/developments/eclipse-workspace/conectados/conectados.odb' is opened by 30251@MacBook-Pro-de-Sergio-2.local

[2024-03-29 15:37:12 #2 store] 
Configuration path: ?

[2024-03-29 15:37:54 #3 store] 
Database '/Users/sergiosantiago/developments/eclipse-workspace/conectados/conectados.odb' is closed by 30251@MacBook-Pro-de-Sergio-2.local

------------------------------------------------------------------------------------------------------------------------

[2024-03-29 16:02:43 #1 store] 
Database '/Users/sergiosantiago/developments/eclipse-workspace/conectados/conectados.odb' has been recovered (tr. 30-35)

[2024-03-29 16:02:43 #2 store] 
Database '/Users/sergiosantiago/developments/eclipse-workspace/conectados/conectados.odb' is opened by 48621@MacBook-Pro-de-Sergio-2.local

[2024-03-29 16:02:43 #3 store] 
Configuration path: ?

[2024-03-29 16:03:13 #4 store] 
Database '/Users/sergiosantiago/developments/eclipse-workspace/conectados/conectados.odb' is closed by 48621@MacBook-Pro-de-Sergio-2.local

------------------------------------------------------------------------------------------------------------------------

[2024-03-29 16:06:45 #1 store] 
Database '/Users/sergiosantiago/developments/eclipse-workspace/conectados/conectados.odb' has been recovered (tr. 36-39)

[2024-03-29 16:06:45 #2 store] 
Database '/Users/sergiosantiago/developments/eclipse-workspace/conectados/conectados.odb' is opened by 51651@MacBook-Pro-de-Sergio-2.local

[2024-03-29 16:06:45 #3 store] 
Configuration path: ?

[2024-03-29 16:07:19 #4 store] 
Database '/Users/sergiosantiago/developments/eclipse-workspace/conectados/conectados.odb' is closed by 51651@MacBook-Pro-de-Sergio-2.local

------------------------------------------------------------------------------------------------------------------------

[2024-03-29 16:09:00 #1 store] 
Database '/Users/sergiosantiago/developments/eclipse-workspace/conectados/conectados.odb' has been recovered (tr. 40-44)

[2024-03-29 16:09:00 #2 store] 
Database '/Users/sergiosantiago/developments/eclipse-workspace/conectados/conectados.odb' is opened by 53694@MacBook-Pro-de-Sergio-2.local

[2024-03-29 16:09:00 #3 store] 
Configuration path: ?

[2024-03-29 16:09:32 #4 store] 
Database '/Users/sergiosantiago/developments/eclipse-workspace/conectados/conectados.odb' is closed by 53694@MacBook-Pro-de-Sergio-2.local

------------------------------------------------------------------------------------------------------------------------

[2024-03-29 16:10:24 #1 store] 
Database '/Users/sergiosantiago/developments/eclipse-workspace/conectados/conectados.odb' has been recovered (tr. 45-48)

[2024-03-29 16:10:24 #2 store] 
Database '/Users/sergiosantiago/developments/eclipse-workspace/conectados/conectados.odb' is opened by 54888@MacBook-Pro-de-Sergio-2.local

[2024-03-29 16:10:24 #3 store] 
Configuration path: ?

[2024-03-29 16:10:47 #4 store] 
Database '/Users/sergiosantiago/developments/eclipse-workspace/conectados/conectados.odb' is closed by 54888@MacBook-Pro-de-Sergio-2.local

------------------------------------------------------------------------------------------------------------------------

[2024-03-29 16:12:28 #1 store] 
Database '/Users/sergiosantiago/developments/eclipse-workspace/conectados/conectados.odb' is opened by 56784@MacBook-Pro-de-Sergio-2.local

[2024-03-29 16:12:28 #2 store] 
Configuration path: ?

[2024-03-29 16:12:44 #3 store] 
Database '/Users/sergiosantiago/developments/eclipse-workspace/conectados/conectados.odb' is closed by 56784@MacBook-Pro-de-Sergio-2.local

------------------------------------------------------------------------------------------------------------------------

[2024-03-29 17:08:06 #1 store] 
Database '/Users/sergiosantiago/developments/eclipse-workspace/conectados/conectados.odb' has been recovered (tr. 10-10)

[2024-03-29 17:08:06 #2 store] 
Database '/Users/sergiosantiago/developments/eclipse-workspace/conectados/conectados.odb' is opened by 6150@MacBook-Pro-de-Sergio-2.local

[2024-03-29 17:08:06 #3 store] 
Configuration path: ?

[2024-03-29 17:11:02 #4 store] 
Database '/Users/sergiosantiago/developments/eclipse-workspace/conectados/conectados.odb' is closed by 6150@MacBook-Pro-de-Sergio-2.local

------------------------------------------------------------------------------------------------------------------------

[2024-03-29 17:41:59 #1 store] 
Database '/Users/sergiosantiago/developments/eclipse-workspace/conectados/conectados.odb' has been recovered (tr. 12-12)

[2024-03-29 17:41:59 #2 store] 
Database '/Users/sergiosantiago/developments/eclipse-workspace/conectados/conectados.odb' is opened by 33808@MacBook-Pro-de-Sergio-2.local

[2024-03-29 17:41:59 #3 store] 
Configuration path: ?

[2024-03-29 17:54:15 #4 store] 
Database '/Users/sergiosantiago/developments/eclipse-workspace/conectados/conectados.odb' is closed by 33808@MacBook-Pro-de-Sergio-2.local

