------------------------------------------------------------------------------------------------------------------------

[2024-03-17 19:15:20 #1 store] 
Database '/Users/sergiosantiago/developments/eclipse-workspace/conectados/conectados.odb' is opened by 4730@MacBook-Pro-de-Sergio-2.local

[2024-03-17 19:15:20 #2 store] 
Configuration path: ?

[2024-03-17 19:15:20 #3 type] 
Type com.sergiosantiago.conectados.models.Base.BaseEntity is not enhanced.

[2024-03-17 19:15:20 #4 type] 
Type com.sergiosantiago.conectados.models.Base.BaseNamedEntity is not enhanced.

[2024-03-17 19:15:20 #5 type] 
Type com.sergiosantiago.conectados.models.Product is not enhanced.

[2024-03-17 19:15:20 #6 type] 
Type com.sergiosantiago.conectados.models.ShoppingItem is not enhanced.

[2024-03-17 19:15:20 #7 type] 
Type com.sergiosantiago.conectados.models.ProductCategory is not enhanced.

[2024-03-17 19:15:20 #8 type] 
Type com.sergiosantiago.conectados.models.Room is not enhanced.

[2024-03-17 19:15:20 #9 type] 
Type com.sergiosantiago.conectados.models.User is not enhanced.

[2024-03-17 19:15:20 #10 type] 
Type com.sergiosantiago.conectados.models.ShoppingList is not enhanced.

[2024-03-17 19:15:20 #11 type] 
Type com.sergiosantiago.conectados.models.Note is not enhanced.

[2024-03-17 19:15:20 #12 type] 
Type com.sergiosantiago.conectados.models.Base.Role is not enhanced.

[2024-03-17 19:15:20 #13 store] 
Database '/Users/sergiosantiago/developments/eclipse-workspace/conectados/conectados.odb' is closed by 4730@MacBook-Pro-de-Sergio-2.local

------------------------------------------------------------------------------------------------------------------------

[2024-03-17 19:18:13 #1 store] 
Database '/Users/sergiosantiago/developments/eclipse-workspace/conectados/conectados.odb' is opened by 6840@MacBook-Pro-de-Sergio-2.local

[2024-03-17 19:18:13 #2 store] 
Configuration path: ?

[2024-03-17 19:18:13 #3 type] 
Type com.sergiosantiago.conectados.models.Base.BaseEntity is not enhanced.

[2024-03-17 19:18:13 #4 type] 
Type com.sergiosantiago.conectados.models.Base.BaseNamedEntity is not enhanced.

[2024-03-17 19:18:13 #5 type] 
Type com.sergiosantiago.conectados.models.Product is not enhanced.

[2024-03-17 19:18:13 #6 type] 
Type com.sergiosantiago.conectados.models.ShoppingItem is not enhanced.

[2024-03-17 19:18:13 #7 type] 
Type com.sergiosantiago.conectados.models.ProductCategory is not enhanced.

[2024-03-17 19:18:13 #8 type] 
Type com.sergiosantiago.conectados.models.Room is not enhanced.

[2024-03-17 19:18:13 #9 type] 
Type com.sergiosantiago.conectados.models.User is not enhanced.

[2024-03-17 19:18:13 #10 type] 
Type com.sergiosantiago.conectados.models.ShoppingList is not enhanced.

[2024-03-17 19:18:13 #11 type] 
Type com.sergiosantiago.conectados.models.Note is not enhanced.

[2024-03-17 19:18:13 #12 type] 
Type com.sergiosantiago.conectados.models.Base.Role is not enhanced.

[2024-03-17 19:18:13 #13 store] 
Database '/Users/sergiosantiago/developments/eclipse-workspace/conectados/conectados.odb' is closed by 6840@MacBook-Pro-de-Sergio-2.local

------------------------------------------------------------------------------------------------------------------------

[2024-03-17 19:19:22 #1 store] 
Database '/Users/sergiosantiago/developments/eclipse-workspace/conectados/conectados.odb' is opened by 7715@MacBook-Pro-de-Sergio-2.local

[2024-03-17 19:19:22 #2 store] 
Configuration path: ?

[2024-03-17 19:19:22 #3 type] 
Type com.sergiosantiago.conectados.models.Base.BaseEntity is not enhanced.

[2024-03-17 19:19:22 #4 type] 
Type com.sergiosantiago.conectados.models.Base.BaseNamedEntity is not enhanced.

[2024-03-17 19:19:22 #5 type] 
Type com.sergiosantiago.conectados.models.Product is not enhanced.

[2024-03-17 19:19:22 #6 type] 
Type com.sergiosantiago.conectados.models.ShoppingItem is not enhanced.

[2024-03-17 19:19:22 #7 type] 
Type com.sergiosantiago.conectados.models.ProductCategory is not enhanced.

[2024-03-17 19:19:22 #8 type] 
Type com.sergiosantiago.conectados.models.Room is not enhanced.

[2024-03-17 19:19:22 #9 type] 
Type com.sergiosantiago.conectados.models.User is not enhanced.

[2024-03-17 19:19:22 #10 type] 
Type com.sergiosantiago.conectados.models.ShoppingList is not enhanced.

[2024-03-17 19:19:22 #11 type] 
Type com.sergiosantiago.conectados.models.Note is not enhanced.

[2024-03-17 19:19:22 #12 type] 
Type com.sergiosantiago.conectados.models.Base.Role is not enhanced.

[2024-03-17 19:19:22 #13 store] 
Database '/Users/sergiosantiago/developments/eclipse-workspace/conectados/conectados.odb' is closed by 7715@MacBook-Pro-de-Sergio-2.local

------------------------------------------------------------------------------------------------------------------------

[2024-03-17 19:21:34 #1 store] 
Database '/Users/sergiosantiago/developments/eclipse-workspace/conectados/conectados.odb' is opened by 9326@MacBook-Pro-de-Sergio-2.local

[2024-03-17 19:21:34 #2 store] 
Configuration path: ?

[2024-03-17 19:21:34 #3 type] 
Type com.sergiosantiago.conectados.models.Base.BaseEntity is not enhanced.

[2024-03-17 19:21:34 #4 type] 
Type com.sergiosantiago.conectados.models.Base.BaseNamedEntity is not enhanced.

[2024-03-17 19:21:34 #5 type] 
Type com.sergiosantiago.conectados.models.Product is not enhanced.

[2024-03-17 19:21:34 #6 type] 
Type com.sergiosantiago.conectados.models.ShoppingItem is not enhanced.

[2024-03-17 19:21:34 #7 type] 
Type com.sergiosantiago.conectados.models.ProductCategory is not enhanced.

[2024-03-17 19:21:34 #8 type] 
Type com.sergiosantiago.conectados.models.Room is not enhanced.

[2024-03-17 19:21:34 #9 type] 
Type com.sergiosantiago.conectados.models.User is not enhanced.

[2024-03-17 19:21:34 #10 type] 
Type com.sergiosantiago.conectados.models.ShoppingList is not enhanced.

[2024-03-17 19:21:34 #11 type] 
Type com.sergiosantiago.conectados.models.Note is not enhanced.

[2024-03-17 19:21:34 #12 type] 
Type com.sergiosantiago.conectados.models.Base.Role is not enhanced.

[2024-03-17 19:21:34 #13 store] 
Database '/Users/sergiosantiago/developments/eclipse-workspace/conectados/conectados.odb' is closed by 9326@MacBook-Pro-de-Sergio-2.local

------------------------------------------------------------------------------------------------------------------------

[2024-03-17 19:21:49 #1 store] 
Database '/Users/sergiosantiago/developments/eclipse-workspace/conectados/conectados.odb' is opened by 9473@MacBook-Pro-de-Sergio-2.local

[2024-03-17 19:21:49 #2 store] 
Configuration path: ?

[2024-03-17 19:21:49 #3 type] 
Type com.sergiosantiago.conectados.models.Base.BaseEntity is not enhanced.

[2024-03-17 19:21:49 #4 type] 
Type com.sergiosantiago.conectados.models.Base.BaseNamedEntity is not enhanced.

[2024-03-17 19:21:49 #5 type] 
Type com.sergiosantiago.conectados.models.Product is not enhanced.

[2024-03-17 19:21:49 #6 type] 
Type com.sergiosantiago.conectados.models.ShoppingItem is not enhanced.

[2024-03-17 19:21:49 #7 type] 
Type com.sergiosantiago.conectados.models.ProductCategory is not enhanced.

[2024-03-17 19:21:49 #8 type] 
Type com.sergiosantiago.conectados.models.Room is not enhanced.

[2024-03-17 19:21:49 #9 type] 
Type com.sergiosantiago.conectados.models.User is not enhanced.

[2024-03-17 19:21:49 #10 type] 
Type com.sergiosantiago.conectados.models.ShoppingList is not enhanced.

[2024-03-17 19:21:49 #11 type] 
Type com.sergiosantiago.conectados.models.Note is not enhanced.

[2024-03-17 19:21:49 #12 type] 
Type com.sergiosantiago.conectados.models.Base.Role is not enhanced.

[2024-03-17 19:21:50 #13 store] 
Database '/Users/sergiosantiago/developments/eclipse-workspace/conectados/conectados.odb' is closed by 9473@MacBook-Pro-de-Sergio-2.local

------------------------------------------------------------------------------------------------------------------------

[2024-03-17 19:23:53 #1 store] 
Database '/Users/sergiosantiago/developments/eclipse-workspace/conectados/conectados.odb' is opened by 11023@MacBook-Pro-de-Sergio-2.local

[2024-03-17 19:23:53 #2 store] 
Configuration path: ?

[2024-03-17 19:23:53 #3 type] 
Type com.sergiosantiago.conectados.models.Base.BaseEntity is not enhanced.

[2024-03-17 19:23:53 #4 type] 
Type com.sergiosantiago.conectados.models.Base.BaseNamedEntity is not enhanced.

[2024-03-17 19:23:53 #5 type] 
Type com.sergiosantiago.conectados.models.Product is not enhanced.

[2024-03-17 19:23:53 #6 type] 
Type com.sergiosantiago.conectados.models.ShoppingItem is not enhanced.

[2024-03-17 19:23:53 #7 type] 
Type com.sergiosantiago.conectados.models.ProductCategory is not enhanced.

[2024-03-17 19:23:53 #8 type] 
Type com.sergiosantiago.conectados.models.Room is not enhanced.

[2024-03-17 19:23:53 #9 type] 
Type com.sergiosantiago.conectados.models.User is not enhanced.

[2024-03-17 19:23:53 #10 type] 
Type com.sergiosantiago.conectados.models.ShoppingList is not enhanced.

[2024-03-17 19:23:53 #11 type] 
Type com.sergiosantiago.conectados.models.Note is not enhanced.

[2024-03-17 19:23:53 #12 type] 
Type com.sergiosantiago.conectados.models.Base.Role is not enhanced.

[2024-03-17 19:23:53 #13 store] 
Database '/Users/sergiosantiago/developments/eclipse-workspace/conectados/conectados.odb' is closed by 11023@MacBook-Pro-de-Sergio-2.local

------------------------------------------------------------------------------------------------------------------------

[2024-03-17 19:24:30 #1 store] 
Database '/Users/sergiosantiago/developments/eclipse-workspace/conectados/conectados.odb' is opened by 11530@MacBook-Pro-de-Sergio-2.local

[2024-03-17 19:24:30 #2 store] 
Configuration path: ?

[2024-03-17 19:24:30 #3 type] 
Type com.sergiosantiago.conectados.models.Base.BaseEntity is not enhanced.

[2024-03-17 19:24:30 #4 type] 
Type com.sergiosantiago.conectados.models.Base.BaseNamedEntity is not enhanced.

[2024-03-17 19:24:30 #5 type] 
Type com.sergiosantiago.conectados.models.Product is not enhanced.

[2024-03-17 19:24:30 #6 type] 
Type com.sergiosantiago.conectados.models.ShoppingItem is not enhanced.

[2024-03-17 19:24:30 #7 type] 
Type com.sergiosantiago.conectados.models.ProductCategory is not enhanced.

[2024-03-17 19:24:30 #8 type] 
Type com.sergiosantiago.conectados.models.Room is not enhanced.

[2024-03-17 19:24:30 #9 type] 
Type com.sergiosantiago.conectados.models.User is not enhanced.

[2024-03-17 19:24:30 #10 type] 
Type com.sergiosantiago.conectados.models.ShoppingList is not enhanced.

[2024-03-17 19:24:30 #11 type] 
Type com.sergiosantiago.conectados.models.Note is not enhanced.

[2024-03-17 19:24:30 #12 type] 
Type com.sergiosantiago.conectados.models.Base.Role is not enhanced.

[2024-03-17 19:24:30 #13 store] 
Database '/Users/sergiosantiago/developments/eclipse-workspace/conectados/conectados.odb' is closed by 11530@MacBook-Pro-de-Sergio-2.local

------------------------------------------------------------------------------------------------------------------------

[2024-03-17 19:25:09 #1 store] 
Database '/Users/sergiosantiago/developments/eclipse-workspace/conectados/conectados.odb' is opened by 12060@MacBook-Pro-de-Sergio-2.local

[2024-03-17 19:25:09 #2 store] 
Configuration path: ?

[2024-03-17 19:25:09 #3 type] 
Type com.sergiosantiago.conectados.models.Base.BaseEntity is not enhanced.

[2024-03-17 19:25:09 #4 type] 
Type com.sergiosantiago.conectados.models.Base.BaseNamedEntity is not enhanced.

[2024-03-17 19:25:09 #5 type] 
Type com.sergiosantiago.conectados.models.Product is not enhanced.

[2024-03-17 19:25:09 #6 type] 
Type com.sergiosantiago.conectados.models.ShoppingItem is not enhanced.

[2024-03-17 19:25:09 #7 type] 
Type com.sergiosantiago.conectados.models.ProductCategory is not enhanced.

[2024-03-17 19:25:09 #8 type] 
Type com.sergiosantiago.conectados.models.Room is not enhanced.

[2024-03-17 19:25:09 #9 type] 
Type com.sergiosantiago.conectados.models.User is not enhanced.

[2024-03-17 19:25:09 #10 type] 
Type com.sergiosantiago.conectados.models.ShoppingList is not enhanced.

[2024-03-17 19:25:09 #11 type] 
Type com.sergiosantiago.conectados.models.Note is not enhanced.

[2024-03-17 19:25:09 #12 type] 
Type com.sergiosantiago.conectados.models.Base.Role is not enhanced.

[2024-03-17 19:25:09 #13 store] 
Database '/Users/sergiosantiago/developments/eclipse-workspace/conectados/conectados.odb' is closed by 12060@MacBook-Pro-de-Sergio-2.local

------------------------------------------------------------------------------------------------------------------------

[2024-03-17 19:27:22 #1 store] 
Database '/Users/sergiosantiago/developments/eclipse-workspace/conectados/conectados.odb' is opened by 13675@MacBook-Pro-de-Sergio-2.local

[2024-03-17 19:27:22 #2 store] 
Configuration path: ?

[2024-03-17 19:27:22 #3 type] 
Type com.sergiosantiago.conectados.models.Base.BaseEntity is not enhanced.

[2024-03-17 19:27:22 #4 type] 
Type com.sergiosantiago.conectados.models.Base.BaseNamedEntity is not enhanced.

[2024-03-17 19:27:22 #5 type] 
Type com.sergiosantiago.conectados.models.Product is not enhanced.

[2024-03-17 19:27:22 #6 type] 
Type com.sergiosantiago.conectados.models.ShoppingItem is not enhanced.

[2024-03-17 19:27:22 #7 type] 
Type com.sergiosantiago.conectados.models.ProductCategory is not enhanced.

[2024-03-17 19:27:22 #8 type] 
Type com.sergiosantiago.conectados.models.Room is not enhanced.

[2024-03-17 19:27:22 #9 type] 
Type com.sergiosantiago.conectados.models.User is not enhanced.

[2024-03-17 19:27:22 #10 type] 
Type com.sergiosantiago.conectados.models.ShoppingList is not enhanced.

[2024-03-17 19:27:22 #11 type] 
Type com.sergiosantiago.conectados.models.Note is not enhanced.

[2024-03-17 19:27:22 #12 type] 
Type com.sergiosantiago.conectados.models.Base.Role is not enhanced.

[2024-03-17 19:27:22 #13 store] 
Database '/Users/sergiosantiago/developments/eclipse-workspace/conectados/conectados.odb' is closed by 13675@MacBook-Pro-de-Sergio-2.local

------------------------------------------------------------------------------------------------------------------------

[2024-03-17 19:27:35 #1 store] 
Database '/Users/sergiosantiago/developments/eclipse-workspace/conectados/conectados.odb' is opened by 13825@MacBook-Pro-de-Sergio-2.local

[2024-03-17 19:27:35 #2 store] 
Configuration path: ?

[2024-03-17 19:27:35 #3 type] 
Type com.sergiosantiago.conectados.models.Base.BaseEntity is not enhanced.

[2024-03-17 19:27:35 #4 type] 
Type com.sergiosantiago.conectados.models.Base.BaseNamedEntity is not enhanced.

[2024-03-17 19:27:35 #5 type] 
Type com.sergiosantiago.conectados.models.Product is not enhanced.

[2024-03-17 19:27:35 #6 type] 
Type com.sergiosantiago.conectados.models.ShoppingItem is not enhanced.

[2024-03-17 19:27:35 #7 type] 
Type com.sergiosantiago.conectados.models.ProductCategory is not enhanced.

[2024-03-17 19:27:35 #8 type] 
Type com.sergiosantiago.conectados.models.Room is not enhanced.

[2024-03-17 19:27:35 #9 type] 
Type com.sergiosantiago.conectados.models.User is not enhanced.

[2024-03-17 19:27:35 #10 type] 
Type com.sergiosantiago.conectados.models.ShoppingList is not enhanced.

[2024-03-17 19:27:35 #11 type] 
Type com.sergiosantiago.conectados.models.Note is not enhanced.

[2024-03-17 19:27:35 #12 type] 
Type com.sergiosantiago.conectados.models.Base.Role is not enhanced.

[2024-03-17 19:27:35 #13 store] 
Database '/Users/sergiosantiago/developments/eclipse-workspace/conectados/conectados.odb' is closed by 13825@MacBook-Pro-de-Sergio-2.local

------------------------------------------------------------------------------------------------------------------------

[2024-03-17 19:28:35 #1 store] 
Database '/Users/sergiosantiago/developments/eclipse-workspace/conectados/conectados.odb' is opened by 14595@MacBook-Pro-de-Sergio-2.local

[2024-03-17 19:28:35 #2 store] 
Configuration path: ?

[2024-03-17 19:28:35 #3 type] 
Type com.sergiosantiago.conectados.models.Base.BaseEntity is not enhanced.

[2024-03-17 19:28:35 #4 type] 
Type com.sergiosantiago.conectados.models.Base.BaseNamedEntity is not enhanced.

[2024-03-17 19:28:35 #5 type] 
Type com.sergiosantiago.conectados.models.Product is not enhanced.

[2024-03-17 19:28:35 #6 type] 
Type com.sergiosantiago.conectados.models.ShoppingItem is not enhanced.

[2024-03-17 19:28:35 #7 type] 
Type com.sergiosantiago.conectados.models.ProductCategory is not enhanced.

[2024-03-17 19:28:35 #8 type] 
Type com.sergiosantiago.conectados.models.Room is not enhanced.

[2024-03-17 19:28:35 #9 type] 
Type com.sergiosantiago.conectados.models.User is not enhanced.

[2024-03-17 19:28:35 #10 type] 
Type com.sergiosantiago.conectados.models.ShoppingList is not enhanced.

[2024-03-17 19:28:35 #11 type] 
Type com.sergiosantiago.conectados.models.Note is not enhanced.

[2024-03-17 19:28:35 #12 type] 
Type com.sergiosantiago.conectados.models.Base.Role is not enhanced.

[2024-03-17 19:32:17 #13 store] 
Database '/Users/sergiosantiago/developments/eclipse-workspace/conectados/conectados.odb' is closed by 14595@MacBook-Pro-de-Sergio-2.local

------------------------------------------------------------------------------------------------------------------------

[2024-03-17 19:32:19 #1 store] 
Database '/Users/sergiosantiago/developments/eclipse-workspace/conectados/conectados.odb' is opened by 18343@MacBook-Pro-de-Sergio-2.local

[2024-03-17 19:32:19 #2 store] 
Configuration path: ?

[2024-03-17 19:32:19 #3 type] 
Type com.sergiosantiago.conectados.models.Base.BaseEntity is not enhanced.

[2024-03-17 19:32:19 #4 type] 
Type com.sergiosantiago.conectados.models.Base.BaseNamedEntity is not enhanced.

[2024-03-17 19:32:19 #5 type] 
Type com.sergiosantiago.conectados.models.Product is not enhanced.

[2024-03-17 19:32:19 #6 type] 
Type com.sergiosantiago.conectados.models.ShoppingItem is not enhanced.

[2024-03-17 19:32:19 #7 type] 
Type com.sergiosantiago.conectados.models.ProductCategory is not enhanced.

[2024-03-17 19:32:19 #8 type] 
Type com.sergiosantiago.conectados.models.Room is not enhanced.

[2024-03-17 19:32:19 #9 type] 
Type com.sergiosantiago.conectados.models.User is not enhanced.

[2024-03-17 19:32:19 #10 type] 
Type com.sergiosantiago.conectados.models.ShoppingList is not enhanced.

[2024-03-17 19:32:19 #11 type] 
Type com.sergiosantiago.conectados.models.Note is not enhanced.

[2024-03-17 19:32:19 #12 type] 
Type com.sergiosantiago.conectados.models.Base.Role is not enhanced.

[2024-03-17 19:34:41 #13 store] 
Database '/Users/sergiosantiago/developments/eclipse-workspace/conectados/conectados.odb' is closed by 18343@MacBook-Pro-de-Sergio-2.local

------------------------------------------------------------------------------------------------------------------------

[2024-03-17 19:34:46 #1 store] 
Database '/Users/sergiosantiago/developments/eclipse-workspace/conectados/conectados.odb' is opened by 20153@MacBook-Pro-de-Sergio-2.local

[2024-03-17 19:34:46 #2 store] 
Configuration path: ?

[2024-03-17 19:34:46 #3 type] 
Type com.sergiosantiago.conectados.models.Base.BaseEntity is not enhanced.

[2024-03-17 19:34:46 #4 type] 
Type com.sergiosantiago.conectados.models.Base.BaseNamedEntity is not enhanced.

[2024-03-17 19:34:46 #5 type] 
Type com.sergiosantiago.conectados.models.Product is not enhanced.

[2024-03-17 19:34:46 #6 type] 
Type com.sergiosantiago.conectados.models.ShoppingItem is not enhanced.

[2024-03-17 19:34:46 #7 type] 
Type com.sergiosantiago.conectados.models.ProductCategory is not enhanced.

[2024-03-17 19:34:46 #8 type] 
Type com.sergiosantiago.conectados.models.Room is not enhanced.

[2024-03-17 19:34:46 #9 type] 
Type com.sergiosantiago.conectados.models.User is not enhanced.

[2024-03-17 19:34:46 #10 type] 
Type com.sergiosantiago.conectados.models.ShoppingList is not enhanced.

[2024-03-17 19:34:46 #11 type] 
Type com.sergiosantiago.conectados.models.Note is not enhanced.

[2024-03-17 19:34:46 #12 type] 
Type com.sergiosantiago.conectados.models.Base.Role is not enhanced.

[2024-03-17 19:34:46 #13 store] 
Database '/Users/sergiosantiago/developments/eclipse-workspace/conectados/conectados.odb' is closed by 20153@MacBook-Pro-de-Sergio-2.local

------------------------------------------------------------------------------------------------------------------------

[2024-03-17 19:35:35 #1 store] 
Database '/Users/sergiosantiago/developments/eclipse-workspace/conectados/conectados.odb' is opened by 20780@MacBook-Pro-de-Sergio-2.local

[2024-03-17 19:35:35 #2 store] 
Configuration path: ?

[2024-03-17 19:35:35 #3 type] 
Type com.sergiosantiago.conectados.models.Base.BaseEntity is not enhanced.

[2024-03-17 19:35:35 #4 type] 
Type com.sergiosantiago.conectados.models.Base.BaseNamedEntity is not enhanced.

[2024-03-17 19:35:35 #5 type] 
Type com.sergiosantiago.conectados.models.Product is not enhanced.

[2024-03-17 19:35:35 #6 type] 
Type com.sergiosantiago.conectados.models.ShoppingItem is not enhanced.

[2024-03-17 19:35:35 #7 type] 
Type com.sergiosantiago.conectados.models.ProductCategory is not enhanced.

[2024-03-17 19:35:35 #8 type] 
Type com.sergiosantiago.conectados.models.Room is not enhanced.

[2024-03-17 19:35:35 #9 type] 
Type com.sergiosantiago.conectados.models.User is not enhanced.

[2024-03-17 19:35:35 #10 type] 
Type com.sergiosantiago.conectados.models.ShoppingList is not enhanced.

[2024-03-17 19:35:35 #11 type] 
Type com.sergiosantiago.conectados.models.Note is not enhanced.

[2024-03-17 19:35:35 #12 type] 
Type com.sergiosantiago.conectados.models.Base.Role is not enhanced.

[2024-03-17 19:35:35 #13 store] 
Database '/Users/sergiosantiago/developments/eclipse-workspace/conectados/conectados.odb' is closed by 20780@MacBook-Pro-de-Sergio-2.local

------------------------------------------------------------------------------------------------------------------------

[2024-03-17 19:40:10 #1 store] 
Database '/Users/sergiosantiago/developments/eclipse-workspace/conectados/conectados.odb' is opened by 24190@MacBook-Pro-de-Sergio-2.local

[2024-03-17 19:40:10 #2 store] 
Configuration path: ?

[2024-03-17 19:40:10 #3 type] 
Type com.sergiosantiago.conectados.models.Base.BaseEntity is not enhanced.

[2024-03-17 19:40:10 #4 type] 
Type com.sergiosantiago.conectados.models.Base.BaseNamedEntity is not enhanced.

[2024-03-17 19:40:10 #5 type] 
Type com.sergiosantiago.conectados.models.Product is not enhanced.

[2024-03-17 19:40:10 #6 type] 
Type com.sergiosantiago.conectados.models.ShoppingItem is not enhanced.

[2024-03-17 19:40:10 #7 type] 
Type com.sergiosantiago.conectados.models.ProductCategory is not enhanced.

[2024-03-17 19:40:10 #8 type] 
Type com.sergiosantiago.conectados.models.Room is not enhanced.

[2024-03-17 19:40:10 #9 type] 
Type com.sergiosantiago.conectados.models.User is not enhanced.

[2024-03-17 19:40:10 #10 type] 
Type com.sergiosantiago.conectados.models.ShoppingList is not enhanced.

[2024-03-17 19:40:10 #11 type] 
Type com.sergiosantiago.conectados.models.Note is not enhanced.

[2024-03-17 19:40:10 #12 type] 
Type com.sergiosantiago.conectados.models.Base.Role is not enhanced.

[2024-03-17 19:40:11 #13 store] 
Database '/Users/sergiosantiago/developments/eclipse-workspace/conectados/conectados.odb' is closed by 24190@MacBook-Pro-de-Sergio-2.local

------------------------------------------------------------------------------------------------------------------------

[2024-03-17 19:40:20 #1 store] 
Database '/Users/sergiosantiago/developments/eclipse-workspace/conectados/conectados.odb' is opened by 24332@MacBook-Pro-de-Sergio-2.local

[2024-03-17 19:40:20 #2 store] 
Configuration path: ?

[2024-03-17 19:40:20 #3 type] 
Type com.sergiosantiago.conectados.models.Base.BaseEntity is not enhanced.

[2024-03-17 19:40:20 #4 type] 
Type com.sergiosantiago.conectados.models.Base.BaseNamedEntity is not enhanced.

[2024-03-17 19:40:20 #5 type] 
Type com.sergiosantiago.conectados.models.Product is not enhanced.

[2024-03-17 19:40:20 #6 type] 
Type com.sergiosantiago.conectados.models.ShoppingItem is not enhanced.

[2024-03-17 19:40:20 #7 type] 
Type com.sergiosantiago.conectados.models.ProductCategory is not enhanced.

[2024-03-17 19:40:20 #8 type] 
Type com.sergiosantiago.conectados.models.Room is not enhanced.

[2024-03-17 19:40:20 #9 type] 
Type com.sergiosantiago.conectados.models.User is not enhanced.

[2024-03-17 19:40:20 #10 type] 
Type com.sergiosantiago.conectados.models.ShoppingList is not enhanced.

[2024-03-17 19:40:20 #11 type] 
Type com.sergiosantiago.conectados.models.Note is not enhanced.

[2024-03-17 19:40:20 #12 type] 
Type com.sergiosantiago.conectados.models.Base.Role is not enhanced.

[2024-03-17 19:40:20 #13 store] 
Database '/Users/sergiosantiago/developments/eclipse-workspace/conectados/conectados.odb' is closed by 24332@MacBook-Pro-de-Sergio-2.local

------------------------------------------------------------------------------------------------------------------------

[2024-03-17 19:43:36 #1 store] 
Database '/Users/sergiosantiago/developments/eclipse-workspace/conectados/conectados.odb' is opened by 26699@MacBook-Pro-de-Sergio-2.local

[2024-03-17 19:43:36 #2 store] 
Configuration path: ?

[2024-03-17 19:43:36 #3 type] 
Type com.sergiosantiago.conectados.models.Base.BaseEntity is not enhanced.

[2024-03-17 19:43:36 #4 type] 
Type com.sergiosantiago.conectados.models.Base.BaseNamedEntity is not enhanced.

[2024-03-17 19:43:36 #5 type] 
Type com.sergiosantiago.conectados.models.Product is not enhanced.

[2024-03-17 19:43:36 #6 type] 
Type com.sergiosantiago.conectados.models.ShoppingItem is not enhanced.

[2024-03-17 19:43:36 #7 type] 
Type com.sergiosantiago.conectados.models.ProductCategory is not enhanced.

[2024-03-17 19:43:36 #8 type] 
Type com.sergiosantiago.conectados.models.Room is not enhanced.

[2024-03-17 19:43:36 #9 type] 
Type com.sergiosantiago.conectados.models.User is not enhanced.

[2024-03-17 19:43:36 #10 type] 
Type com.sergiosantiago.conectados.models.ShoppingList is not enhanced.

[2024-03-17 19:43:36 #11 type] 
Type com.sergiosantiago.conectados.models.Note is not enhanced.

[2024-03-17 19:43:36 #12 type] 
Type com.sergiosantiago.conectados.models.Base.Role is not enhanced.

[2024-03-17 19:43:36 #13 store] 
Database '/Users/sergiosantiago/developments/eclipse-workspace/conectados/conectados.odb' is closed by 26699@MacBook-Pro-de-Sergio-2.local

------------------------------------------------------------------------------------------------------------------------

[2024-03-17 19:44:23 #1 store] 
Database '/Users/sergiosantiago/developments/eclipse-workspace/conectados/conectados.odb' is opened by 27332@MacBook-Pro-de-Sergio-2.local

[2024-03-17 19:44:23 #2 store] 
Configuration path: ?

[2024-03-17 19:44:23 #3 type] 
Type com.sergiosantiago.conectados.models.Base.BaseEntity is not enhanced.

[2024-03-17 19:44:23 #4 type] 
Type com.sergiosantiago.conectados.models.Base.BaseNamedEntity is not enhanced.

[2024-03-17 19:44:23 #5 type] 
Type com.sergiosantiago.conectados.models.Product is not enhanced.

[2024-03-17 19:44:23 #6 type] 
Type com.sergiosantiago.conectados.models.ShoppingItem is not enhanced.

[2024-03-17 19:44:23 #7 type] 
Type com.sergiosantiago.conectados.models.ProductCategory is not enhanced.

[2024-03-17 19:44:23 #8 type] 
Type com.sergiosantiago.conectados.models.Room is not enhanced.

[2024-03-17 19:44:23 #9 type] 
Type com.sergiosantiago.conectados.models.User is not enhanced.

[2024-03-17 19:44:23 #10 type] 
Type com.sergiosantiago.conectados.models.ShoppingList is not enhanced.

[2024-03-17 19:44:23 #11 type] 
Type com.sergiosantiago.conectados.models.Note is not enhanced.

[2024-03-17 19:44:23 #12 type] 
Type com.sergiosantiago.conectados.models.Base.Role is not enhanced.

[2024-03-17 19:44:23 #13 store] 
Database '/Users/sergiosantiago/developments/eclipse-workspace/conectados/conectados.odb' is closed by 27332@MacBook-Pro-de-Sergio-2.local

------------------------------------------------------------------------------------------------------------------------

[2024-03-17 19:49:10 #1 store] 
Database '/Users/sergiosantiago/developments/eclipse-workspace/conectados/conectados.odb' is opened by 30822@MacBook-Pro-de-Sergio-2.local

[2024-03-17 19:49:10 #2 store] 
Configuration path: ?

[2024-03-17 19:49:10 #3 type] 
Type com.sergiosantiago.conectados.models.Base.BaseEntity is not enhanced.

[2024-03-17 19:49:10 #4 type] 
Type com.sergiosantiago.conectados.models.Base.BaseNamedEntity is not enhanced.

[2024-03-17 19:49:10 #5 type] 
Type com.sergiosantiago.conectados.models.Product is not enhanced.

[2024-03-17 19:49:10 #6 type] 
Type com.sergiosantiago.conectados.models.ShoppingItem is not enhanced.

[2024-03-17 19:49:10 #7 type] 
Type com.sergiosantiago.conectados.models.ProductCategory is not enhanced.

[2024-03-17 19:49:10 #8 type] 
Type com.sergiosantiago.conectados.models.Room is not enhanced.

[2024-03-17 19:49:10 #9 type] 
Type com.sergiosantiago.conectados.models.User is not enhanced.

[2024-03-17 19:49:10 #10 type] 
Type com.sergiosantiago.conectados.models.ShoppingList is not enhanced.

[2024-03-17 19:49:10 #11 type] 
Type com.sergiosantiago.conectados.models.Note is not enhanced.

[2024-03-17 19:49:10 #12 type] 
Type com.sergiosantiago.conectados.models.Base.Role is not enhanced.

[2024-03-17 19:49:10 #13 store] 
Database '/Users/sergiosantiago/developments/eclipse-workspace/conectados/conectados.odb' is closed by 30822@MacBook-Pro-de-Sergio-2.local

------------------------------------------------------------------------------------------------------------------------

[2024-03-17 19:50:05 #1 store] 
Database '/Users/sergiosantiago/developments/eclipse-workspace/conectados/conectados.odb' is opened by 31568@MacBook-Pro-de-Sergio-2.local

[2024-03-17 19:50:05 #2 store] 
Configuration path: ?

[2024-03-17 19:50:05 #3 type] 
Type com.sergiosantiago.conectados.models.Base.BaseEntity is not enhanced.

[2024-03-17 19:50:05 #4 type] 
Type com.sergiosantiago.conectados.models.Base.BaseNamedEntity is not enhanced.

[2024-03-17 19:50:05 #5 type] 
Type com.sergiosantiago.conectados.models.Product is not enhanced.

[2024-03-17 19:50:05 #6 type] 
Type com.sergiosantiago.conectados.models.ShoppingItem is not enhanced.

[2024-03-17 19:50:05 #7 type] 
Type com.sergiosantiago.conectados.models.ProductCategory is not enhanced.

[2024-03-17 19:50:05 #8 type] 
Type com.sergiosantiago.conectados.models.Room is not enhanced.

[2024-03-17 19:50:05 #9 type] 
Type com.sergiosantiago.conectados.models.User is not enhanced.

[2024-03-17 19:50:05 #10 type] 
Type com.sergiosantiago.conectados.models.ShoppingList is not enhanced.

[2024-03-17 19:50:05 #11 type] 
Type com.sergiosantiago.conectados.models.Note is not enhanced.

[2024-03-17 19:50:05 #12 type] 
Type com.sergiosantiago.conectados.models.Base.Role is not enhanced.

[2024-03-17 19:50:31 #13 store] 
Database '/Users/sergiosantiago/developments/eclipse-workspace/conectados/conectados.odb' is closed by 31568@MacBook-Pro-de-Sergio-2.local

------------------------------------------------------------------------------------------------------------------------

[2024-03-17 19:50:33 #1 store] 
Database '/Users/sergiosantiago/developments/eclipse-workspace/conectados/conectados.odb' is opened by 31941@MacBook-Pro-de-Sergio-2.local

[2024-03-17 19:50:33 #2 store] 
Configuration path: ?

[2024-03-17 19:50:33 #3 type] 
Type com.sergiosantiago.conectados.models.Base.BaseEntity is not enhanced.

[2024-03-17 19:50:33 #4 type] 
Type com.sergiosantiago.conectados.models.Base.BaseNamedEntity is not enhanced.

[2024-03-17 19:50:33 #5 type] 
Type com.sergiosantiago.conectados.models.Product is not enhanced.

[2024-03-17 19:50:33 #6 type] 
Type com.sergiosantiago.conectados.models.ShoppingItem is not enhanced.

[2024-03-17 19:50:33 #7 type] 
Type com.sergiosantiago.conectados.models.ProductCategory is not enhanced.

[2024-03-17 19:50:33 #8 type] 
Type com.sergiosantiago.conectados.models.Room is not enhanced.

[2024-03-17 19:50:33 #9 type] 
Type com.sergiosantiago.conectados.models.User is not enhanced.

[2024-03-17 19:50:33 #10 type] 
Type com.sergiosantiago.conectados.models.ShoppingList is not enhanced.

[2024-03-17 19:50:33 #11 type] 
Type com.sergiosantiago.conectados.models.Note is not enhanced.

[2024-03-17 19:50:33 #12 type] 
Type com.sergiosantiago.conectados.models.Base.Role is not enhanced.

[2024-03-17 19:50:56 #13 store] 
Database '/Users/sergiosantiago/developments/eclipse-workspace/conectados/conectados.odb' is closed by 31941@MacBook-Pro-de-Sergio-2.local

------------------------------------------------------------------------------------------------------------------------

[2024-03-17 19:50:59 #1 store] 
Database '/Users/sergiosantiago/developments/eclipse-workspace/conectados/conectados.odb' is opened by 32317@MacBook-Pro-de-Sergio-2.local

[2024-03-17 19:50:59 #2 store] 
Configuration path: ?

[2024-03-17 19:50:59 #3 type] 
Type com.sergiosantiago.conectados.models.Base.BaseEntity is not enhanced.

[2024-03-17 19:50:59 #4 type] 
Type com.sergiosantiago.conectados.models.Base.BaseNamedEntity is not enhanced.

[2024-03-17 19:50:59 #5 type] 
Type com.sergiosantiago.conectados.models.Product is not enhanced.

[2024-03-17 19:50:59 #6 type] 
Type com.sergiosantiago.conectados.models.ShoppingItem is not enhanced.

[2024-03-17 19:50:59 #7 type] 
Type com.sergiosantiago.conectados.models.ProductCategory is not enhanced.

[2024-03-17 19:50:59 #8 type] 
Type com.sergiosantiago.conectados.models.Room is not enhanced.

[2024-03-17 19:50:59 #9 type] 
Type com.sergiosantiago.conectados.models.User is not enhanced.

[2024-03-17 19:50:59 #10 type] 
Type com.sergiosantiago.conectados.models.ShoppingList is not enhanced.

[2024-03-17 19:50:59 #11 type] 
Type com.sergiosantiago.conectados.models.Note is not enhanced.

[2024-03-17 19:50:59 #12 type] 
Type com.sergiosantiago.conectados.models.Base.Role is not enhanced.

[2024-03-17 19:51:33 #13 store] 
Database '/Users/sergiosantiago/developments/eclipse-workspace/conectados/conectados.odb' is closed by 32317@MacBook-Pro-de-Sergio-2.local

------------------------------------------------------------------------------------------------------------------------

[2024-03-17 19:51:35 #1 store] 
Database '/Users/sergiosantiago/developments/eclipse-workspace/conectados/conectados.odb' is opened by 32859@MacBook-Pro-de-Sergio-2.local

[2024-03-17 19:51:35 #2 store] 
Configuration path: ?

[2024-03-17 19:51:35 #3 type] 
Type com.sergiosantiago.conectados.models.Base.BaseEntity is not enhanced.

[2024-03-17 19:51:35 #4 type] 
Type com.sergiosantiago.conectados.models.Base.BaseNamedEntity is not enhanced.

[2024-03-17 19:51:35 #5 type] 
Type com.sergiosantiago.conectados.models.Product is not enhanced.

[2024-03-17 19:51:35 #6 type] 
Type com.sergiosantiago.conectados.models.ShoppingItem is not enhanced.

[2024-03-17 19:51:35 #7 type] 
Type com.sergiosantiago.conectados.models.ProductCategory is not enhanced.

[2024-03-17 19:51:35 #8 type] 
Type com.sergiosantiago.conectados.models.Room is not enhanced.

[2024-03-17 19:51:35 #9 type] 
Type com.sergiosantiago.conectados.models.User is not enhanced.

[2024-03-17 19:51:35 #10 type] 
Type com.sergiosantiago.conectados.models.ShoppingList is not enhanced.

[2024-03-17 19:51:35 #11 type] 
Type com.sergiosantiago.conectados.models.Note is not enhanced.

[2024-03-17 19:51:35 #12 type] 
Type com.sergiosantiago.conectados.models.Base.Role is not enhanced.

[2024-03-17 19:52:14 #13 store] 
Database '/Users/sergiosantiago/developments/eclipse-workspace/conectados/conectados.odb' is closed by 32859@MacBook-Pro-de-Sergio-2.local

------------------------------------------------------------------------------------------------------------------------

[2024-03-17 19:52:17 #1 store] 
Database '/Users/sergiosantiago/developments/eclipse-workspace/conectados/conectados.odb' is opened by 33480@MacBook-Pro-de-Sergio-2.local

[2024-03-17 19:52:17 #2 store] 
Configuration path: ?

[2024-03-17 19:52:17 #3 type] 
Type com.sergiosantiago.conectados.models.Base.BaseEntity is not enhanced.

[2024-03-17 19:52:17 #4 type] 
Type com.sergiosantiago.conectados.models.Base.BaseNamedEntity is not enhanced.

[2024-03-17 19:52:17 #5 type] 
Type com.sergiosantiago.conectados.models.Product is not enhanced.

[2024-03-17 19:52:17 #6 type] 
Type com.sergiosantiago.conectados.models.ShoppingItem is not enhanced.

[2024-03-17 19:52:17 #7 type] 
Type com.sergiosantiago.conectados.models.ProductCategory is not enhanced.

[2024-03-17 19:52:17 #8 type] 
Type com.sergiosantiago.conectados.models.Room is not enhanced.

[2024-03-17 19:52:17 #9 type] 
Type com.sergiosantiago.conectados.models.User is not enhanced.

[2024-03-17 19:52:17 #10 type] 
Type com.sergiosantiago.conectados.models.ShoppingList is not enhanced.

[2024-03-17 19:52:17 #11 type] 
Type com.sergiosantiago.conectados.models.Note is not enhanced.

[2024-03-17 19:52:17 #12 type] 
Type com.sergiosantiago.conectados.models.Base.Role is not enhanced.

[2024-03-17 19:53:44 #13 store] 
Database '/Users/sergiosantiago/developments/eclipse-workspace/conectados/conectados.odb' is closed by 33480@MacBook-Pro-de-Sergio-2.local

------------------------------------------------------------------------------------------------------------------------

[2024-03-17 19:53:47 #1 store] 
Database '/Users/sergiosantiago/developments/eclipse-workspace/conectados/conectados.odb' is opened by 34914@MacBook-Pro-de-Sergio-2.local

[2024-03-17 19:53:47 #2 store] 
Configuration path: ?

[2024-03-17 19:53:47 #3 type] 
Type com.sergiosantiago.conectados.models.Base.BaseEntity is not enhanced.

[2024-03-17 19:53:47 #4 type] 
Type com.sergiosantiago.conectados.models.Base.BaseNamedEntity is not enhanced.

[2024-03-17 19:53:47 #5 type] 
Type com.sergiosantiago.conectados.models.Product is not enhanced.

[2024-03-17 19:53:47 #6 type] 
Type com.sergiosantiago.conectados.models.ShoppingItem is not enhanced.

[2024-03-17 19:53:47 #7 type] 
Type com.sergiosantiago.conectados.models.ProductCategory is not enhanced.

[2024-03-17 19:53:47 #8 type] 
Type com.sergiosantiago.conectados.models.Room is not enhanced.

[2024-03-17 19:53:47 #9 type] 
Type com.sergiosantiago.conectados.models.User is not enhanced.

[2024-03-17 19:53:47 #10 type] 
Type com.sergiosantiago.conectados.models.ShoppingList is not enhanced.

[2024-03-17 19:53:47 #11 type] 
Type com.sergiosantiago.conectados.models.Note is not enhanced.

[2024-03-17 19:53:47 #12 type] 
Type com.sergiosantiago.conectados.models.Base.Role is not enhanced.

[2024-03-17 19:54:06 #13 store] 
Database '/Users/sergiosantiago/developments/eclipse-workspace/conectados/conectados.odb' is closed by 34914@MacBook-Pro-de-Sergio-2.local

------------------------------------------------------------------------------------------------------------------------

[2024-03-17 19:54:54 #1 store] 
Database '/Users/sergiosantiago/developments/eclipse-workspace/conectados/conectados.odb' is opened by 35904@MacBook-Pro-de-Sergio-2.local

[2024-03-17 19:54:54 #2 store] 
Configuration path: ?

[2024-03-17 19:54:54 #3 type] 
Type com.sergiosantiago.conectados.models.Base.BaseEntity is not enhanced.

[2024-03-17 19:54:54 #4 type] 
Type com.sergiosantiago.conectados.models.Base.BaseNamedEntity is not enhanced.

[2024-03-17 19:54:54 #5 type] 
Type com.sergiosantiago.conectados.models.Product is not enhanced.

[2024-03-17 19:54:54 #6 type] 
Type com.sergiosantiago.conectados.models.ShoppingItem is not enhanced.

[2024-03-17 19:54:54 #7 type] 
Type com.sergiosantiago.conectados.models.ProductCategory is not enhanced.

[2024-03-17 19:54:54 #8 type] 
Type com.sergiosantiago.conectados.models.Room is not enhanced.

[2024-03-17 19:54:54 #9 type] 
Type com.sergiosantiago.conectados.models.User is not enhanced.

[2024-03-17 19:54:54 #10 type] 
Type com.sergiosantiago.conectados.models.ShoppingList is not enhanced.

[2024-03-17 19:54:54 #11 type] 
Type com.sergiosantiago.conectados.models.Note is not enhanced.

[2024-03-17 19:54:54 #12 type] 
Type com.sergiosantiago.conectados.models.Base.Role is not enhanced.

[2024-03-17 19:55:10 #13 store] 
Database '/Users/sergiosantiago/developments/eclipse-workspace/conectados/conectados.odb' is closed by 35904@MacBook-Pro-de-Sergio-2.local

------------------------------------------------------------------------------------------------------------------------

[2024-03-17 19:55:14 #1 store] 
Database '/Users/sergiosantiago/developments/eclipse-workspace/conectados/conectados.odb' is opened by 36235@MacBook-Pro-de-Sergio-2.local

[2024-03-17 19:55:14 #2 store] 
Configuration path: ?

[2024-03-17 19:55:14 #3 type] 
Type com.sergiosantiago.conectados.models.Base.BaseEntity is not enhanced.

[2024-03-17 19:55:14 #4 type] 
Type com.sergiosantiago.conectados.models.Base.BaseNamedEntity is not enhanced.

[2024-03-17 19:55:14 #5 type] 
Type com.sergiosantiago.conectados.models.Product is not enhanced.

[2024-03-17 19:55:14 #6 type] 
Type com.sergiosantiago.conectados.models.ShoppingItem is not enhanced.

[2024-03-17 19:55:14 #7 type] 
Type com.sergiosantiago.conectados.models.ProductCategory is not enhanced.

[2024-03-17 19:55:14 #8 type] 
Type com.sergiosantiago.conectados.models.Room is not enhanced.

[2024-03-17 19:55:14 #9 type] 
Type com.sergiosantiago.conectados.models.User is not enhanced.

[2024-03-17 19:55:14 #10 type] 
Type com.sergiosantiago.conectados.models.ShoppingList is not enhanced.

[2024-03-17 19:55:14 #11 type] 
Type com.sergiosantiago.conectados.models.Note is not enhanced.

[2024-03-17 19:55:14 #12 type] 
Type com.sergiosantiago.conectados.models.Base.Role is not enhanced.

[2024-03-17 19:57:32 #13 store] 
Database '/Users/sergiosantiago/developments/eclipse-workspace/conectados/conectados.odb' is closed by 36235@MacBook-Pro-de-Sergio-2.local

------------------------------------------------------------------------------------------------------------------------

[2024-03-17 19:57:36 #1 store] 
Database '/Users/sergiosantiago/developments/eclipse-workspace/conectados/conectados.odb' is opened by 38606@MacBook-Pro-de-Sergio-2.local

[2024-03-17 19:57:36 #2 store] 
Configuration path: ?

[2024-03-17 19:57:36 #3 type] 
Type com.sergiosantiago.conectados.models.Base.BaseEntity is not enhanced.

[2024-03-17 19:57:36 #4 type] 
Type com.sergiosantiago.conectados.models.Base.BaseNamedEntity is not enhanced.

[2024-03-17 19:57:36 #5 type] 
Type com.sergiosantiago.conectados.models.Product is not enhanced.

[2024-03-17 19:57:36 #6 type] 
Type com.sergiosantiago.conectados.models.ShoppingItem is not enhanced.

[2024-03-17 19:57:36 #7 type] 
Type com.sergiosantiago.conectados.models.ProductCategory is not enhanced.

[2024-03-17 19:57:36 #8 type] 
Type com.sergiosantiago.conectados.models.Room is not enhanced.

[2024-03-17 19:57:36 #9 type] 
Type com.sergiosantiago.conectados.models.User is not enhanced.

[2024-03-17 19:57:36 #10 type] 
Type com.sergiosantiago.conectados.models.ShoppingList is not enhanced.

[2024-03-17 19:57:36 #11 type] 
Type com.sergiosantiago.conectados.models.Note is not enhanced.

[2024-03-17 19:57:36 #12 type] 
Type com.sergiosantiago.conectados.models.Base.Role is not enhanced.

[2024-03-17 19:58:46 #13 store] 
Database '/Users/sergiosantiago/developments/eclipse-workspace/conectados/conectados.odb' is closed by 38606@MacBook-Pro-de-Sergio-2.local

------------------------------------------------------------------------------------------------------------------------

[2024-03-17 19:58:52 #1 store] 
Database '/Users/sergiosantiago/developments/eclipse-workspace/conectados/conectados.odb' is opened by 39802@MacBook-Pro-de-Sergio-2.local

[2024-03-17 19:58:52 #2 store] 
Configuration path: ?

[2024-03-17 19:58:52 #3 type] 
Type com.sergiosantiago.conectados.models.Base.BaseEntity is not enhanced.

[2024-03-17 19:58:52 #4 type] 
Type com.sergiosantiago.conectados.models.Base.BaseNamedEntity is not enhanced.

[2024-03-17 19:58:52 #5 type] 
Type com.sergiosantiago.conectados.models.Product is not enhanced.

[2024-03-17 19:58:52 #6 type] 
Type com.sergiosantiago.conectados.models.ShoppingItem is not enhanced.

[2024-03-17 19:58:52 #7 type] 
Type com.sergiosantiago.conectados.models.ProductCategory is not enhanced.

[2024-03-17 19:58:52 #8 type] 
Type com.sergiosantiago.conectados.models.Room is not enhanced.

[2024-03-17 19:58:52 #9 type] 
Type com.sergiosantiago.conectados.models.User is not enhanced.

[2024-03-17 19:58:52 #10 type] 
Type com.sergiosantiago.conectados.models.ShoppingList is not enhanced.

[2024-03-17 19:58:52 #11 type] 
Type com.sergiosantiago.conectados.models.Note is not enhanced.

[2024-03-17 19:58:52 #12 type] 
Type com.sergiosantiago.conectados.models.Base.Role is not enhanced.

[2024-03-17 20:04:47 #13 store] 
Database '/Users/sergiosantiago/developments/eclipse-workspace/conectados/conectados.odb' is closed by 39802@MacBook-Pro-de-Sergio-2.local

------------------------------------------------------------------------------------------------------------------------

[2024-03-17 20:04:50 #1 store] 
Database '/Users/sergiosantiago/developments/eclipse-workspace/conectados/conectados.odb' is opened by 45834@MacBook-Pro-de-Sergio-2.local

[2024-03-17 20:04:50 #2 store] 
Configuration path: ?

[2024-03-17 20:04:51 #3 type] 
Type com.sergiosantiago.conectados.models.Base.BaseEntity is not enhanced.

[2024-03-17 20:04:51 #4 type] 
Type com.sergiosantiago.conectados.models.Base.BaseNamedEntity is not enhanced.

[2024-03-17 20:04:51 #5 type] 
Type com.sergiosantiago.conectados.models.Product is not enhanced.

[2024-03-17 20:04:51 #6 type] 
Type com.sergiosantiago.conectados.models.ShoppingItem is not enhanced.

[2024-03-17 20:04:51 #7 type] 
Type com.sergiosantiago.conectados.models.ProductCategory is not enhanced.

[2024-03-17 20:04:51 #8 type] 
Type com.sergiosantiago.conectados.models.Room is not enhanced.

[2024-03-17 20:04:51 #9 type] 
Type com.sergiosantiago.conectados.models.User is not enhanced.

[2024-03-17 20:04:51 #10 type] 
Type com.sergiosantiago.conectados.models.ShoppingList is not enhanced.

[2024-03-17 20:04:51 #11 type] 
Type com.sergiosantiago.conectados.models.Note is not enhanced.

[2024-03-17 20:04:51 #12 type] 
Type com.sergiosantiago.conectados.models.Base.Role is not enhanced.

[2024-03-17 20:07:26 #13 store] 
Database '/Users/sergiosantiago/developments/eclipse-workspace/conectados/conectados.odb' is closed by 45834@MacBook-Pro-de-Sergio-2.local

------------------------------------------------------------------------------------------------------------------------

[2024-03-17 20:07:28 #1 store] 
Database '/Users/sergiosantiago/developments/eclipse-workspace/conectados/conectados.odb' is opened by 48389@MacBook-Pro-de-Sergio-2.local

[2024-03-17 20:07:28 #2 store] 
Configuration path: ?

[2024-03-17 20:07:28 #3 type] 
Type com.sergiosantiago.conectados.models.Base.BaseEntity is not enhanced.

[2024-03-17 20:07:28 #4 type] 
Type com.sergiosantiago.conectados.models.Base.BaseNamedEntity is not enhanced.

[2024-03-17 20:07:28 #5 type] 
Type com.sergiosantiago.conectados.models.Product is not enhanced.

[2024-03-17 20:07:28 #6 type] 
Type com.sergiosantiago.conectados.models.ShoppingItem is not enhanced.

[2024-03-17 20:07:28 #7 type] 
Type com.sergiosantiago.conectados.models.ProductCategory is not enhanced.

[2024-03-17 20:07:28 #8 type] 
Type com.sergiosantiago.conectados.models.Room is not enhanced.

[2024-03-17 20:07:28 #9 type] 
Type com.sergiosantiago.conectados.models.User is not enhanced.

[2024-03-17 20:07:28 #10 type] 
Type com.sergiosantiago.conectados.models.ShoppingList is not enhanced.

[2024-03-17 20:07:28 #11 type] 
Type com.sergiosantiago.conectados.models.Note is not enhanced.

[2024-03-17 20:07:28 #12 type] 
Type com.sergiosantiago.conectados.models.Base.Role is not enhanced.

[2024-03-17 20:09:56 #13 store] 
Database '/Users/sergiosantiago/developments/eclipse-workspace/conectados/conectados.odb' is closed by 48389@MacBook-Pro-de-Sergio-2.local

------------------------------------------------------------------------------------------------------------------------

[2024-03-17 20:12:15 #1 store] 
Database '/Users/sergiosantiago/developments/eclipse-workspace/conectados/conectados.odb' is opened by 52576@MacBook-Pro-de-Sergio-2.local

[2024-03-17 20:12:15 #2 store] 
Configuration path: ?

[2024-03-17 20:12:15 #3 type] 
Type com.sergiosantiago.conectados.models.Base.BaseEntity is not enhanced.

[2024-03-17 20:12:15 #4 type] 
Type com.sergiosantiago.conectados.models.Base.BaseNamedEntity is not enhanced.

[2024-03-17 20:12:15 #5 type] 
Type com.sergiosantiago.conectados.models.Product is not enhanced.

[2024-03-17 20:12:15 #6 type] 
Type com.sergiosantiago.conectados.models.ShoppingItem is not enhanced.

[2024-03-17 20:12:15 #7 type] 
Type com.sergiosantiago.conectados.models.ProductCategory is not enhanced.

[2024-03-17 20:12:15 #8 type] 
Type com.sergiosantiago.conectados.models.Room is not enhanced.

[2024-03-17 20:12:15 #9 type] 
Type com.sergiosantiago.conectados.models.User is not enhanced.

[2024-03-17 20:12:15 #10 type] 
Type com.sergiosantiago.conectados.models.ShoppingList is not enhanced.

[2024-03-17 20:12:15 #11 type] 
Type com.sergiosantiago.conectados.models.Note is not enhanced.

[2024-03-17 20:12:15 #12 type] 
Type com.sergiosantiago.conectados.models.Base.Role is not enhanced.

[2024-03-17 20:14:08 #13 store] 
Database '/Users/sergiosantiago/developments/eclipse-workspace/conectados/conectados.odb' is closed by 52576@MacBook-Pro-de-Sergio-2.local

------------------------------------------------------------------------------------------------------------------------

[2024-03-17 20:14:11 #1 store] 
Database '/Users/sergiosantiago/developments/eclipse-workspace/conectados/conectados.odb' is opened by 54596@MacBook-Pro-de-Sergio-2.local

[2024-03-17 20:14:11 #2 store] 
Configuration path: ?

[2024-03-17 20:14:11 #3 type] 
Type com.sergiosantiago.conectados.models.Base.BaseEntity is not enhanced.

[2024-03-17 20:14:11 #4 type] 
Type com.sergiosantiago.conectados.models.Base.BaseNamedEntity is not enhanced.

[2024-03-17 20:14:11 #5 type] 
Type com.sergiosantiago.conectados.models.Product is not enhanced.

[2024-03-17 20:14:11 #6 type] 
Type com.sergiosantiago.conectados.models.ShoppingItem is not enhanced.

[2024-03-17 20:14:11 #7 type] 
Type com.sergiosantiago.conectados.models.ProductCategory is not enhanced.

[2024-03-17 20:14:11 #8 type] 
Type com.sergiosantiago.conectados.models.Room is not enhanced.

[2024-03-17 20:14:11 #9 type] 
Type com.sergiosantiago.conectados.models.User is not enhanced.

[2024-03-17 20:14:11 #10 type] 
Type com.sergiosantiago.conectados.models.ShoppingList is not enhanced.

[2024-03-17 20:14:11 #11 type] 
Type com.sergiosantiago.conectados.models.Note is not enhanced.

[2024-03-17 20:14:11 #12 type] 
Type com.sergiosantiago.conectados.models.Base.Role is not enhanced.

[2024-03-17 20:14:35 #13 store] 
Database '/Users/sergiosantiago/developments/eclipse-workspace/conectados/conectados.odb' is closed by 54596@MacBook-Pro-de-Sergio-2.local

------------------------------------------------------------------------------------------------------------------------

[2024-03-17 20:14:38 #1 store] 
Database '/Users/sergiosantiago/developments/eclipse-workspace/conectados/conectados.odb' is opened by 54986@MacBook-Pro-de-Sergio-2.local

[2024-03-17 20:14:38 #2 store] 
Configuration path: ?

[2024-03-17 20:14:38 #3 type] 
Type com.sergiosantiago.conectados.models.Base.BaseEntity is not enhanced.

[2024-03-17 20:14:38 #4 type] 
Type com.sergiosantiago.conectados.models.Base.BaseNamedEntity is not enhanced.

[2024-03-17 20:14:38 #5 type] 
Type com.sergiosantiago.conectados.models.Product is not enhanced.

[2024-03-17 20:14:38 #6 type] 
Type com.sergiosantiago.conectados.models.ShoppingItem is not enhanced.

[2024-03-17 20:14:38 #7 type] 
Type com.sergiosantiago.conectados.models.ProductCategory is not enhanced.

[2024-03-17 20:14:38 #8 type] 
Type com.sergiosantiago.conectados.models.Room is not enhanced.

[2024-03-17 20:14:38 #9 type] 
Type com.sergiosantiago.conectados.models.User is not enhanced.

[2024-03-17 20:14:38 #10 type] 
Type com.sergiosantiago.conectados.models.ShoppingList is not enhanced.

[2024-03-17 20:14:38 #11 type] 
Type com.sergiosantiago.conectados.models.Note is not enhanced.

[2024-03-17 20:14:38 #12 type] 
Type com.sergiosantiago.conectados.models.Base.Role is not enhanced.

[2024-03-17 20:15:57 #13 store] 
Database '/Users/sergiosantiago/developments/eclipse-workspace/conectados/conectados.odb' is closed by 54986@MacBook-Pro-de-Sergio-2.local

------------------------------------------------------------------------------------------------------------------------

[2024-03-17 20:15:59 #1 store] 
Database '/Users/sergiosantiago/developments/eclipse-workspace/conectados/conectados.odb' is opened by 56354@MacBook-Pro-de-Sergio-2.local

[2024-03-17 20:15:59 #2 store] 
Configuration path: ?

[2024-03-17 20:15:59 #3 type] 
Type com.sergiosantiago.conectados.models.Base.BaseEntity is not enhanced.

[2024-03-17 20:15:59 #4 type] 
Type com.sergiosantiago.conectados.models.Base.BaseNamedEntity is not enhanced.

[2024-03-17 20:15:59 #5 type] 
Type com.sergiosantiago.conectados.models.Product is not enhanced.

[2024-03-17 20:15:59 #6 type] 
Type com.sergiosantiago.conectados.models.ShoppingItem is not enhanced.

[2024-03-17 20:15:59 #7 type] 
Type com.sergiosantiago.conectados.models.ProductCategory is not enhanced.

[2024-03-17 20:15:59 #8 type] 
Type com.sergiosantiago.conectados.models.Room is not enhanced.

[2024-03-17 20:15:59 #9 type] 
Type com.sergiosantiago.conectados.models.User is not enhanced.

[2024-03-17 20:15:59 #10 type] 
Type com.sergiosantiago.conectados.models.ShoppingList is not enhanced.

[2024-03-17 20:15:59 #11 type] 
Type com.sergiosantiago.conectados.models.Note is not enhanced.

[2024-03-17 20:15:59 #12 type] 
Type com.sergiosantiago.conectados.models.Base.Role is not enhanced.

[2024-03-17 20:16:00 #13 store] 
Database '/Users/sergiosantiago/developments/eclipse-workspace/conectados/conectados.odb' is closed by 56354@MacBook-Pro-de-Sergio-2.local

------------------------------------------------------------------------------------------------------------------------

[2024-03-17 20:16:05 #1 store] 
Database '/Users/sergiosantiago/developments/eclipse-workspace/conectados/conectados.odb' is opened by 56471@MacBook-Pro-de-Sergio-2.local

[2024-03-17 20:16:05 #2 store] 
Configuration path: ?

[2024-03-17 20:16:05 #3 type] 
Type com.sergiosantiago.conectados.models.Base.BaseEntity is not enhanced.

[2024-03-17 20:16:05 #4 type] 
Type com.sergiosantiago.conectados.models.Base.BaseNamedEntity is not enhanced.

[2024-03-17 20:16:05 #5 type] 
Type com.sergiosantiago.conectados.models.Product is not enhanced.

[2024-03-17 20:16:05 #6 type] 
Type com.sergiosantiago.conectados.models.ShoppingItem is not enhanced.

[2024-03-17 20:16:05 #7 type] 
Type com.sergiosantiago.conectados.models.ProductCategory is not enhanced.

[2024-03-17 20:16:05 #8 type] 
Type com.sergiosantiago.conectados.models.Room is not enhanced.

[2024-03-17 20:16:05 #9 type] 
Type com.sergiosantiago.conectados.models.User is not enhanced.

[2024-03-17 20:16:05 #10 type] 
Type com.sergiosantiago.conectados.models.ShoppingList is not enhanced.

[2024-03-17 20:16:05 #11 type] 
Type com.sergiosantiago.conectados.models.Note is not enhanced.

[2024-03-17 20:16:05 #12 type] 
Type com.sergiosantiago.conectados.models.Base.Role is not enhanced.

[2024-03-17 20:16:05 #13 store] 
Database '/Users/sergiosantiago/developments/eclipse-workspace/conectados/conectados.odb' is closed by 56471@MacBook-Pro-de-Sergio-2.local

------------------------------------------------------------------------------------------------------------------------

[2024-03-17 20:16:31 #1 store] 
Database '/Users/sergiosantiago/developments/eclipse-workspace/conectados/conectados.odb' is opened by 56754@MacBook-Pro-de-Sergio-2.local

[2024-03-17 20:16:31 #2 store] 
Configuration path: ?

[2024-03-17 20:16:31 #3 type] 
Type com.sergiosantiago.conectados.models.Base.BaseEntity is not enhanced.

[2024-03-17 20:16:31 #4 type] 
Type com.sergiosantiago.conectados.models.Base.BaseNamedEntity is not enhanced.

[2024-03-17 20:16:31 #5 type] 
Type com.sergiosantiago.conectados.models.Product is not enhanced.

[2024-03-17 20:16:31 #6 type] 
Type com.sergiosantiago.conectados.models.ShoppingItem is not enhanced.

[2024-03-17 20:16:31 #7 type] 
Type com.sergiosantiago.conectados.models.ProductCategory is not enhanced.

[2024-03-17 20:16:31 #8 type] 
Type com.sergiosantiago.conectados.models.Room is not enhanced.

[2024-03-17 20:16:31 #9 type] 
Type com.sergiosantiago.conectados.models.User is not enhanced.

[2024-03-17 20:16:31 #10 type] 
Type com.sergiosantiago.conectados.models.ShoppingList is not enhanced.

[2024-03-17 20:16:31 #11 type] 
Type com.sergiosantiago.conectados.models.Note is not enhanced.

[2024-03-17 20:16:31 #12 type] 
Type com.sergiosantiago.conectados.models.Base.Role is not enhanced.

[2024-03-17 20:16:32 #13 store] 
Database '/Users/sergiosantiago/developments/eclipse-workspace/conectados/conectados.odb' is closed by 56754@MacBook-Pro-de-Sergio-2.local

------------------------------------------------------------------------------------------------------------------------

[2024-03-17 20:17:18 #1 store] 
Database '/Users/sergiosantiago/developments/eclipse-workspace/conectados/conectados.odb' is opened by 57412@MacBook-Pro-de-Sergio-2.local

[2024-03-17 20:17:18 #2 store] 
Configuration path: ?

[2024-03-17 20:17:18 #3 type] 
Type com.sergiosantiago.conectados.models.Base.BaseEntity is not enhanced.

[2024-03-17 20:17:18 #4 type] 
Type com.sergiosantiago.conectados.models.Base.BaseNamedEntity is not enhanced.

[2024-03-17 20:17:18 #5 type] 
Type com.sergiosantiago.conectados.models.Product is not enhanced.

[2024-03-17 20:17:18 #6 type] 
Type com.sergiosantiago.conectados.models.ShoppingItem is not enhanced.

[2024-03-17 20:17:18 #7 type] 
Type com.sergiosantiago.conectados.models.ProductCategory is not enhanced.

[2024-03-17 20:17:18 #8 type] 
Type com.sergiosantiago.conectados.models.Room is not enhanced.

[2024-03-17 20:17:18 #9 type] 
Type com.sergiosantiago.conectados.models.User is not enhanced.

[2024-03-17 20:17:18 #10 type] 
Type com.sergiosantiago.conectados.models.ShoppingList is not enhanced.

[2024-03-17 20:17:18 #11 type] 
Type com.sergiosantiago.conectados.models.Note is not enhanced.

[2024-03-17 20:17:18 #12 type] 
Type com.sergiosantiago.conectados.models.Base.Role is not enhanced.

[2024-03-17 20:17:41 #13 store] 
Database '/Users/sergiosantiago/developments/eclipse-workspace/conectados/conectados.odb' is closed by 57412@MacBook-Pro-de-Sergio-2.local

------------------------------------------------------------------------------------------------------------------------

[2024-03-17 20:17:42 #1 store] 
Database '/Users/sergiosantiago/developments/eclipse-workspace/conectados/conectados.odb' is opened by 57780@MacBook-Pro-de-Sergio-2.local

[2024-03-17 20:17:42 #2 store] 
Configuration path: ?

[2024-03-17 20:17:42 #3 type] 
Type com.sergiosantiago.conectados.models.Base.BaseEntity is not enhanced.

[2024-03-17 20:17:42 #4 type] 
Type com.sergiosantiago.conectados.models.Base.BaseNamedEntity is not enhanced.

[2024-03-17 20:17:42 #5 type] 
Type com.sergiosantiago.conectados.models.Product is not enhanced.

[2024-03-17 20:17:42 #6 type] 
Type com.sergiosantiago.conectados.models.ShoppingItem is not enhanced.

[2024-03-17 20:17:42 #7 type] 
Type com.sergiosantiago.conectados.models.ProductCategory is not enhanced.

[2024-03-17 20:17:42 #8 type] 
Type com.sergiosantiago.conectados.models.Room is not enhanced.

[2024-03-17 20:17:42 #9 type] 
Type com.sergiosantiago.conectados.models.User is not enhanced.

[2024-03-17 20:17:42 #10 type] 
Type com.sergiosantiago.conectados.models.ShoppingList is not enhanced.

[2024-03-17 20:17:42 #11 type] 
Type com.sergiosantiago.conectados.models.Note is not enhanced.

[2024-03-17 20:17:42 #12 type] 
Type com.sergiosantiago.conectados.models.Base.Role is not enhanced.

[2024-03-17 20:19:10 #13 store] 
Database '/Users/sergiosantiago/developments/eclipse-workspace/conectados/conectados.odb' is closed by 57780@MacBook-Pro-de-Sergio-2.local

------------------------------------------------------------------------------------------------------------------------

[2024-03-17 20:19:13 #1 store] 
Database '/Users/sergiosantiago/developments/eclipse-workspace/conectados/conectados.odb' is opened by 58910@MacBook-Pro-de-Sergio-2.local

[2024-03-17 20:19:13 #2 store] 
Configuration path: ?

[2024-03-17 20:19:13 #3 type] 
Type com.sergiosantiago.conectados.models.Base.BaseEntity is not enhanced.

[2024-03-17 20:19:13 #4 type] 
Type com.sergiosantiago.conectados.models.Base.BaseNamedEntity is not enhanced.

[2024-03-17 20:19:13 #5 type] 
Type com.sergiosantiago.conectados.models.Product is not enhanced.

[2024-03-17 20:19:13 #6 type] 
Type com.sergiosantiago.conectados.models.ShoppingItem is not enhanced.

[2024-03-17 20:19:13 #7 type] 
Type com.sergiosantiago.conectados.models.ProductCategory is not enhanced.

[2024-03-17 20:19:13 #8 type] 
Type com.sergiosantiago.conectados.models.Room is not enhanced.

[2024-03-17 20:19:13 #9 type] 
Type com.sergiosantiago.conectados.models.User is not enhanced.

[2024-03-17 20:19:13 #10 type] 
Type com.sergiosantiago.conectados.models.ShoppingList is not enhanced.

[2024-03-17 20:19:13 #11 type] 
Type com.sergiosantiago.conectados.models.Note is not enhanced.

[2024-03-17 20:19:13 #12 type] 
Type com.sergiosantiago.conectados.models.Base.Role is not enhanced.

[2024-03-17 20:19:42 #13 store] 
Database '/Users/sergiosantiago/developments/eclipse-workspace/conectados/conectados.odb' is closed by 58910@MacBook-Pro-de-Sergio-2.local

------------------------------------------------------------------------------------------------------------------------

[2024-03-17 20:19:46 #1 store] 
Database '/Users/sergiosantiago/developments/eclipse-workspace/conectados/conectados.odb' is opened by 59533@MacBook-Pro-de-Sergio-2.local

[2024-03-17 20:19:46 #2 store] 
Configuration path: ?

[2024-03-17 20:19:46 #3 type] 
Type com.sergiosantiago.conectados.models.Base.BaseEntity is not enhanced.

[2024-03-17 20:19:46 #4 type] 
Type com.sergiosantiago.conectados.models.Base.BaseNamedEntity is not enhanced.

[2024-03-17 20:19:46 #5 type] 
Type com.sergiosantiago.conectados.models.Product is not enhanced.

[2024-03-17 20:19:46 #6 type] 
Type com.sergiosantiago.conectados.models.ShoppingItem is not enhanced.

[2024-03-17 20:19:46 #7 type] 
Type com.sergiosantiago.conectados.models.ProductCategory is not enhanced.

[2024-03-17 20:19:46 #8 type] 
Type com.sergiosantiago.conectados.models.Room is not enhanced.

[2024-03-17 20:19:46 #9 type] 
Type com.sergiosantiago.conectados.models.User is not enhanced.

[2024-03-17 20:19:46 #10 type] 
Type com.sergiosantiago.conectados.models.ShoppingList is not enhanced.

[2024-03-17 20:19:46 #11 type] 
Type com.sergiosantiago.conectados.models.Note is not enhanced.

[2024-03-17 20:19:46 #12 type] 
Type com.sergiosantiago.conectados.models.Base.Role is not enhanced.

[2024-03-17 20:21:02 #13 store] 
Database '/Users/sergiosantiago/developments/eclipse-workspace/conectados/conectados.odb' is closed by 59533@MacBook-Pro-de-Sergio-2.local

------------------------------------------------------------------------------------------------------------------------

[2024-03-17 20:21:27 #1 store] 
Database '/Users/sergiosantiago/developments/eclipse-workspace/conectados/conectados.odb' is opened by 61042@MacBook-Pro-de-Sergio-2.local

[2024-03-17 20:21:27 #2 store] 
Configuration path: ?

[2024-03-17 20:21:27 #3 type] 
Type com.sergiosantiago.conectados.models.Base.BaseEntity is not enhanced.

[2024-03-17 20:21:27 #4 type] 
Type com.sergiosantiago.conectados.models.Base.BaseNamedEntity is not enhanced.

[2024-03-17 20:21:27 #5 type] 
Type com.sergiosantiago.conectados.models.Product is not enhanced.

[2024-03-17 20:21:27 #6 type] 
Type com.sergiosantiago.conectados.models.ShoppingItem is not enhanced.

[2024-03-17 20:21:27 #7 type] 
Type com.sergiosantiago.conectados.models.ProductCategory is not enhanced.

[2024-03-17 20:21:27 #8 type] 
Type com.sergiosantiago.conectados.models.Room is not enhanced.

[2024-03-17 20:21:27 #9 type] 
Type com.sergiosantiago.conectados.models.User is not enhanced.

[2024-03-17 20:21:27 #10 type] 
Type com.sergiosantiago.conectados.models.ShoppingList is not enhanced.

[2024-03-17 20:21:27 #11 type] 
Type com.sergiosantiago.conectados.models.Note is not enhanced.

[2024-03-17 20:21:27 #12 type] 
Type com.sergiosantiago.conectados.models.Base.Role is not enhanced.

[2024-03-17 20:22:52 #13 store] 
Database '/Users/sergiosantiago/developments/eclipse-workspace/conectados/conectados.odb' is closed by 61042@MacBook-Pro-de-Sergio-2.local

------------------------------------------------------------------------------------------------------------------------

[2024-03-17 20:23:01 #1 store] 
Database '/Users/sergiosantiago/developments/eclipse-workspace/conectados/conectados.odb' is opened by 63009@MacBook-Pro-de-Sergio-2.local

[2024-03-17 20:23:01 #2 store] 
Configuration path: ?

[2024-03-17 20:23:01 #3 type] 
Type com.sergiosantiago.conectados.models.Base.BaseEntity is not enhanced.

[2024-03-17 20:23:02 #4 type] 
Type com.sergiosantiago.conectados.models.Base.BaseNamedEntity is not enhanced.

[2024-03-17 20:23:02 #5 type] 
Type com.sergiosantiago.conectados.models.Product is not enhanced.

[2024-03-17 20:23:02 #6 type] 
Type com.sergiosantiago.conectados.models.ShoppingItem is not enhanced.

[2024-03-17 20:23:02 #7 type] 
Type com.sergiosantiago.conectados.models.ProductCategory is not enhanced.

[2024-03-17 20:23:02 #8 type] 
Type com.sergiosantiago.conectados.models.Room is not enhanced.

[2024-03-17 20:23:02 #9 type] 
Type com.sergiosantiago.conectados.models.User is not enhanced.

[2024-03-17 20:23:02 #10 type] 
Type com.sergiosantiago.conectados.models.ShoppingList is not enhanced.

[2024-03-17 20:23:02 #11 type] 
Type com.sergiosantiago.conectados.models.Note is not enhanced.

[2024-03-17 20:23:02 #12 type] 
Type com.sergiosantiago.conectados.models.Base.Role is not enhanced.

------------------------------------------------------------------------------------------------------------------------

[2024-03-17 20:23:45 #1 store] 
Database '/Users/sergiosantiago/developments/eclipse-workspace/conectados/conectados.odb' is opened by 63641@MacBook-Pro-de-Sergio-2.local

[2024-03-17 20:23:45 #2 store] 
Configuration path: ?

[2024-03-17 20:24:08 #3 store] 
Database '/Users/sergiosantiago/developments/eclipse-workspace/conectados/conectados.odb' is closed by 63641@MacBook-Pro-de-Sergio-2.local

------------------------------------------------------------------------------------------------------------------------

[2024-03-17 20:24:31 #1 store] 
Database '/Users/sergiosantiago/developments/eclipse-workspace/conectados/conectados.odb' is opened by 64267@MacBook-Pro-de-Sergio-2.local

[2024-03-17 20:24:31 #2 store] 
Configuration path: ?

[2024-03-17 20:24:31 #3 type] 
Type com.sergiosantiago.conectados.models.Base.BaseEntity is not enhanced.

[2024-03-17 20:24:31 #4 type] 
Type com.sergiosantiago.conectados.models.Base.BaseNamedEntity is not enhanced.

[2024-03-17 20:24:31 #5 type] 
Type com.sergiosantiago.conectados.models.User is not enhanced.

[2024-03-17 20:24:31 #6 type] 
Type com.sergiosantiago.conectados.models.ProductCategory is not enhanced.

[2024-03-17 20:24:31 #7 type] 
Type com.sergiosantiago.conectados.models.Product is not enhanced.

[2024-03-17 20:24:31 #8 type] 
Type com.sergiosantiago.conectados.models.Note is not enhanced.

[2024-03-17 20:24:31 #9 type] 
Type com.sergiosantiago.conectados.models.Room is not enhanced.

[2024-03-17 20:24:31 #10 type] 
Type com.sergiosantiago.conectados.models.Base.Role is not enhanced.

[2024-03-17 20:24:31 #11 type] 
Type com.sergiosantiago.conectados.models.ShoppingItem is not enhanced.

[2024-03-17 20:24:31 #12 type] 
Type com.sergiosantiago.conectados.models.ShoppingList is not enhanced.

[2024-03-17 20:25:39 #13 store] 
Database '/Users/sergiosantiago/developments/eclipse-workspace/conectados/conectados.odb' is closed by 64267@MacBook-Pro-de-Sergio-2.local

------------------------------------------------------------------------------------------------------------------------

[2024-03-17 20:25:45 #1 store] 
Database '/Users/sergiosantiago/developments/eclipse-workspace/conectados/conectados.odb' is opened by 65458@MacBook-Pro-de-Sergio-2.local

[2024-03-17 20:25:45 #2 store] 
Configuration path: ?

[2024-03-17 20:26:54 #3 store] 
Database '/Users/sergiosantiago/developments/eclipse-workspace/conectados/conectados.odb' is closed by 65458@MacBook-Pro-de-Sergio-2.local

------------------------------------------------------------------------------------------------------------------------

[2024-03-17 20:26:58 #1 store] 
Database '/Users/sergiosantiago/developments/eclipse-workspace/conectados/conectados.odb' is opened by 66354@MacBook-Pro-de-Sergio-2.local

[2024-03-17 20:26:58 #2 store] 
Configuration path: ?

[2024-03-17 20:26:58 #3 type] 
Type com.sergiosantiago.conectados.models.Base.BaseEntity is not enhanced.

[2024-03-17 20:26:58 #4 type] 
Type com.sergiosantiago.conectados.models.Base.BaseNamedEntity is not enhanced.

[2024-03-17 20:26:58 #5 type] 
Type com.sergiosantiago.conectados.models.User is not enhanced.

[2024-03-17 20:26:58 #6 type] 
Type com.sergiosantiago.conectados.models.ProductCategory is not enhanced.

[2024-03-17 20:26:58 #7 type] 
Type com.sergiosantiago.conectados.models.Product is not enhanced.

[2024-03-17 20:26:58 #8 type] 
Type com.sergiosantiago.conectados.models.Note is not enhanced.

[2024-03-17 20:26:58 #9 type] 
Type com.sergiosantiago.conectados.models.Room is not enhanced.

[2024-03-17 20:26:58 #10 type] 
Type com.sergiosantiago.conectados.models.Base.Role is not enhanced.

[2024-03-17 20:26:58 #11 type] 
Type com.sergiosantiago.conectados.models.ShoppingItem is not enhanced.

[2024-03-17 20:26:58 #12 type] 
Type com.sergiosantiago.conectados.models.ShoppingList is not enhanced.

------------------------------------------------------------------------------------------------------------------------

[2024-03-17 20:27:46 #1 store] 
Database '/Users/sergiosantiago/developments/eclipse-workspace/conectados/conectados.odb' is opened by 67091@MacBook-Pro-de-Sergio-2.local

[2024-03-17 20:27:46 #2 store] 
Configuration path: ?

[2024-03-17 20:27:46 #3 type] 
Type com.sergiosantiago.conectados.models.Base.BaseEntity is not enhanced.

[2024-03-17 20:27:46 #4 type] 
Type com.sergiosantiago.conectados.models.Base.BaseNamedEntity is not enhanced.

[2024-03-17 20:27:46 #5 type] 
Type com.sergiosantiago.conectados.models.User is not enhanced.

[2024-03-17 20:27:46 #6 type] 
Type com.sergiosantiago.conectados.models.ProductCategory is not enhanced.

[2024-03-17 20:27:46 #7 type] 
Type com.sergiosantiago.conectados.models.Product is not enhanced.

[2024-03-17 20:27:46 #8 type] 
Type com.sergiosantiago.conectados.models.Note is not enhanced.

[2024-03-17 20:27:47 #9 type] 
Type com.sergiosantiago.conectados.models.Room is not enhanced.

[2024-03-17 20:27:47 #10 type] 
Type com.sergiosantiago.conectados.models.Base.Role is not enhanced.

[2024-03-17 20:27:47 #11 type] 
Type com.sergiosantiago.conectados.models.ShoppingItem is not enhanced.

[2024-03-17 20:27:47 #12 type] 
Type com.sergiosantiago.conectados.models.ShoppingList is not enhanced.

------------------------------------------------------------------------------------------------------------------------

[2024-03-17 20:28:31 #1 store] 
Database '/Users/sergiosantiago/developments/eclipse-workspace/conectados/conectados.odb' is opened by 67691@MacBook-Pro-de-Sergio-2.local

[2024-03-17 20:28:31 #2 store] 
Configuration path: ?

[2024-03-17 20:28:31 #3 type] 
Type com.sergiosantiago.conectados.models.Base.BaseEntity is not enhanced.

[2024-03-17 20:28:31 #4 type] 
Type com.sergiosantiago.conectados.models.Base.BaseNamedEntity is not enhanced.

[2024-03-17 20:28:31 #5 type] 
Type com.sergiosantiago.conectados.models.User is not enhanced.

[2024-03-17 20:28:31 #6 type] 
Type com.sergiosantiago.conectados.models.ProductCategory is not enhanced.

[2024-03-17 20:28:31 #7 type] 
Type com.sergiosantiago.conectados.models.Product is not enhanced.

[2024-03-17 20:28:31 #8 type] 
Type com.sergiosantiago.conectados.models.Note is not enhanced.

[2024-03-17 20:28:31 #9 type] 
Type com.sergiosantiago.conectados.models.Room is not enhanced.

[2024-03-17 20:28:31 #10 type] 
Type com.sergiosantiago.conectados.models.Base.Role is not enhanced.

[2024-03-17 20:28:31 #11 type] 
Type com.sergiosantiago.conectados.models.ShoppingItem is not enhanced.

[2024-03-17 20:28:31 #12 type] 
Type com.sergiosantiago.conectados.models.ShoppingList is not enhanced.

------------------------------------------------------------------------------------------------------------------------

[2024-03-17 20:35:32 #1 store] 
Database '/Users/sergiosantiago/developments/eclipse-workspace/conectados/conectados.odb' has been recovered (tr. 6-6)

[2024-03-17 20:35:32 #2 store] 
Database '/Users/sergiosantiago/developments/eclipse-workspace/conectados/conectados.odb' is opened by 74623@MacBook-Pro-de-Sergio-2.local

[2024-03-17 20:35:32 #3 store] 
Configuration path: ?

[2024-03-17 20:35:32 #4 type] 
Type com.sergiosantiago.conectados.models.Base.BaseEntity is not enhanced.

[2024-03-17 20:35:32 #5 type] 
Type com.sergiosantiago.conectados.models.Base.BaseNamedEntity is not enhanced.

[2024-03-17 20:35:32 #6 type] 
Type com.sergiosantiago.conectados.models.User is not enhanced.

[2024-03-17 20:35:32 #7 type] 
Type com.sergiosantiago.conectados.models.ProductCategory is not enhanced.

[2024-03-17 20:35:32 #8 type] 
Type com.sergiosantiago.conectados.models.Product is not enhanced.

[2024-03-17 20:35:32 #9 type] 
Type com.sergiosantiago.conectados.models.Note is not enhanced.

[2024-03-17 20:35:32 #10 type] 
Type com.sergiosantiago.conectados.models.Room is not enhanced.

[2024-03-17 20:35:32 #11 type] 
Type com.sergiosantiago.conectados.models.Base.Role is not enhanced.

[2024-03-17 20:35:32 #12 type] 
Type com.sergiosantiago.conectados.models.ShoppingItem is not enhanced.

[2024-03-17 20:35:32 #13 type] 
Type com.sergiosantiago.conectados.models.ShoppingList is not enhanced.

[2024-03-17 20:36:06 #14 store] 
Database '/Users/sergiosantiago/developments/eclipse-workspace/conectados/conectados.odb' is closed by 74623@MacBook-Pro-de-Sergio-2.local

------------------------------------------------------------------------------------------------------------------------

[2024-03-17 20:36:51 #1 store] 
Database '/Users/sergiosantiago/developments/eclipse-workspace/conectados/conectados.odb' is opened by 75784@MacBook-Pro-de-Sergio-2.local

[2024-03-17 20:36:51 #2 store] 
Configuration path: ?

[2024-03-17 20:36:51 #3 type] 
Type com.sergiosantiago.conectados.models.Base.BaseEntity is not enhanced.

[2024-03-17 20:36:51 #4 type] 
Type com.sergiosantiago.conectados.models.Base.BaseNamedEntity is not enhanced.

[2024-03-17 20:36:51 #5 type] 
Type com.sergiosantiago.conectados.models.User is not enhanced.

[2024-03-17 20:36:51 #6 type] 
Type com.sergiosantiago.conectados.models.ProductCategory is not enhanced.

[2024-03-17 20:36:51 #7 type] 
Type com.sergiosantiago.conectados.models.Product is not enhanced.

[2024-03-17 20:36:51 #8 type] 
Type com.sergiosantiago.conectados.models.Note is not enhanced.

[2024-03-17 20:36:51 #9 type] 
Type com.sergiosantiago.conectados.models.Room is not enhanced.

[2024-03-17 20:36:51 #10 type] 
Type com.sergiosantiago.conectados.models.Base.Role is not enhanced.

[2024-03-17 20:36:51 #11 type] 
Type com.sergiosantiago.conectados.models.ShoppingItem is not enhanced.

[2024-03-17 20:36:51 #12 type] 
Type com.sergiosantiago.conectados.models.ShoppingList is not enhanced.

------------------------------------------------------------------------------------------------------------------------

[2024-03-17 20:45:59 #1 store] 
Database '/Users/sergiosantiago/developments/eclipse-workspace/conectados/conectados.odb' has been recovered (tr. 8-9)

[2024-03-17 20:45:59 #2 store] 
Database '/Users/sergiosantiago/developments/eclipse-workspace/conectados/conectados.odb' is opened by 84907@MacBook-Pro-de-Sergio-2.local

[2024-03-17 20:45:59 #3 store] 
Configuration path: ?

[2024-03-17 20:45:59 #4 type] 
Type com.sergiosantiago.conectados.models.Base.BaseEntity is not enhanced.

[2024-03-17 20:45:59 #5 type] 
Type com.sergiosantiago.conectados.models.Base.BaseNamedEntity is not enhanced.

[2024-03-17 20:45:59 #6 type] 
Type com.sergiosantiago.conectados.models.User is not enhanced.

[2024-03-17 20:45:59 #7 type] 
Type com.sergiosantiago.conectados.models.ProductCategory is not enhanced.

[2024-03-17 20:45:59 #8 type] 
Type com.sergiosantiago.conectados.models.Product is not enhanced.

[2024-03-17 20:45:59 #9 type] 
Type com.sergiosantiago.conectados.models.Note is not enhanced.

[2024-03-17 20:45:59 #10 type] 
Type com.sergiosantiago.conectados.models.Room is not enhanced.

[2024-03-17 20:45:59 #11 type] 
Type com.sergiosantiago.conectados.models.Base.Role is not enhanced.

[2024-03-17 20:45:59 #12 type] 
Type com.sergiosantiago.conectados.models.ShoppingItem is not enhanced.

[2024-03-17 20:45:59 #13 type] 
Type com.sergiosantiago.conectados.models.ShoppingList is not enhanced.

[2024-03-17 20:46:34 #14 store] 
Database '/Users/sergiosantiago/developments/eclipse-workspace/conectados/conectados.odb' is closed by 84907@MacBook-Pro-de-Sergio-2.local

------------------------------------------------------------------------------------------------------------------------

[2024-03-17 20:46:38 #1 store] 
Database '/Users/sergiosantiago/developments/eclipse-workspace/conectados/conectados.odb' is opened by 85559@MacBook-Pro-de-Sergio-2.local

[2024-03-17 20:46:38 #2 store] 
Configuration path: ?

[2024-03-17 20:46:38 #3 type] 
Type com.sergiosantiago.conectados.models.Base.BaseEntity is not enhanced.

[2024-03-17 20:46:38 #4 type] 
Type com.sergiosantiago.conectados.models.Base.BaseNamedEntity is not enhanced.

[2024-03-17 20:46:38 #5 type] 
Type com.sergiosantiago.conectados.models.User is not enhanced.

[2024-03-17 20:46:38 #6 type] 
Type com.sergiosantiago.conectados.models.ProductCategory is not enhanced.

[2024-03-17 20:46:38 #7 type] 
Type com.sergiosantiago.conectados.models.Product is not enhanced.

[2024-03-17 20:46:38 #8 type] 
Type com.sergiosantiago.conectados.models.Note is not enhanced.

[2024-03-17 20:46:38 #9 type] 
Type com.sergiosantiago.conectados.models.Room is not enhanced.

[2024-03-17 20:46:38 #10 type] 
Type com.sergiosantiago.conectados.models.Base.Role is not enhanced.

[2024-03-17 20:46:38 #11 type] 
Type com.sergiosantiago.conectados.models.ShoppingItem is not enhanced.

[2024-03-17 20:46:38 #12 type] 
Type com.sergiosantiago.conectados.models.ShoppingList is not enhanced.

[2024-03-17 20:47:47 #13 store] 
Database '/Users/sergiosantiago/developments/eclipse-workspace/conectados/conectados.odb' is closed by 85559@MacBook-Pro-de-Sergio-2.local

------------------------------------------------------------------------------------------------------------------------

[2024-03-17 20:47:52 #1 store] 
Database '/Users/sergiosantiago/developments/eclipse-workspace/conectados/conectados.odb' is opened by 86780@MacBook-Pro-de-Sergio-2.local

[2024-03-17 20:47:52 #2 store] 
Configuration path: ?

[2024-03-17 20:47:52 #3 type] 
Type com.sergiosantiago.conectados.models.Base.BaseEntity is not enhanced.

[2024-03-17 20:47:52 #4 type] 
Type com.sergiosantiago.conectados.models.Base.BaseNamedEntity is not enhanced.

[2024-03-17 20:47:52 #5 type] 
Type com.sergiosantiago.conectados.models.User is not enhanced.

[2024-03-17 20:47:52 #6 type] 
Type com.sergiosantiago.conectados.models.ProductCategory is not enhanced.

[2024-03-17 20:47:52 #7 type] 
Type com.sergiosantiago.conectados.models.Product is not enhanced.

[2024-03-17 20:47:52 #8 type] 
Type com.sergiosantiago.conectados.models.Note is not enhanced.

[2024-03-17 20:47:52 #9 type] 
Type com.sergiosantiago.conectados.models.Room is not enhanced.

[2024-03-17 20:47:52 #10 type] 
Type com.sergiosantiago.conectados.models.Base.Role is not enhanced.

[2024-03-17 20:47:52 #11 type] 
Type com.sergiosantiago.conectados.models.ShoppingItem is not enhanced.

[2024-03-17 20:47:52 #12 type] 
Type com.sergiosantiago.conectados.models.ShoppingList is not enhanced.

[2024-03-17 20:48:16 #13 store] 
Database '/Users/sergiosantiago/developments/eclipse-workspace/conectados/conectados.odb' is closed by 86780@MacBook-Pro-de-Sergio-2.local

------------------------------------------------------------------------------------------------------------------------

[2024-03-17 20:48:34 #1 store] 
Database '/Users/sergiosantiago/developments/eclipse-workspace/conectados/conectados.odb' is opened by 87392@MacBook-Pro-de-Sergio-2.local

[2024-03-17 20:48:34 #2 store] 
Configuration path: ?

[2024-03-17 20:48:34 #3 type] 
Type com.sergiosantiago.conectados.models.Base.BaseEntity is not enhanced.

[2024-03-17 20:48:34 #4 type] 
Type com.sergiosantiago.conectados.models.Base.BaseNamedEntity is not enhanced.

[2024-03-17 20:48:34 #5 type] 
Type com.sergiosantiago.conectados.models.User is not enhanced.

[2024-03-17 20:48:34 #6 type] 
Type com.sergiosantiago.conectados.models.ProductCategory is not enhanced.

[2024-03-17 20:48:34 #7 type] 
Type com.sergiosantiago.conectados.models.Product is not enhanced.

[2024-03-17 20:48:34 #8 type] 
Type com.sergiosantiago.conectados.models.Note is not enhanced.

[2024-03-17 20:48:34 #9 type] 
Type com.sergiosantiago.conectados.models.Room is not enhanced.

[2024-03-17 20:48:34 #10 type] 
Type com.sergiosantiago.conectados.models.Base.Role is not enhanced.

[2024-03-17 20:48:34 #11 type] 
Type com.sergiosantiago.conectados.models.ShoppingItem is not enhanced.

[2024-03-17 20:48:34 #12 type] 
Type com.sergiosantiago.conectados.models.ShoppingList is not enhanced.

[2024-03-17 20:49:02 #13 store] 
Database '/Users/sergiosantiago/developments/eclipse-workspace/conectados/conectados.odb' is closed by 87392@MacBook-Pro-de-Sergio-2.local

------------------------------------------------------------------------------------------------------------------------

[2024-03-17 20:49:05 #1 store] 
Database '/Users/sergiosantiago/developments/eclipse-workspace/conectados/conectados.odb' is opened by 87896@MacBook-Pro-de-Sergio-2.local

[2024-03-17 20:49:05 #2 store] 
Configuration path: ?

[2024-03-17 20:49:05 #3 type] 
Type com.sergiosantiago.conectados.models.Base.BaseEntity is not enhanced.

[2024-03-17 20:49:05 #4 type] 
Type com.sergiosantiago.conectados.models.Base.BaseNamedEntity is not enhanced.

[2024-03-17 20:49:05 #5 type] 
Type com.sergiosantiago.conectados.models.User is not enhanced.

[2024-03-17 20:49:05 #6 type] 
Type com.sergiosantiago.conectados.models.ProductCategory is not enhanced.

[2024-03-17 20:49:05 #7 type] 
Type com.sergiosantiago.conectados.models.Product is not enhanced.

[2024-03-17 20:49:05 #8 type] 
Type com.sergiosantiago.conectados.models.Note is not enhanced.

[2024-03-17 20:49:05 #9 type] 
Type com.sergiosantiago.conectados.models.Room is not enhanced.

[2024-03-17 20:49:05 #10 type] 
Type com.sergiosantiago.conectados.models.Base.Role is not enhanced.

[2024-03-17 20:49:05 #11 type] 
Type com.sergiosantiago.conectados.models.ShoppingItem is not enhanced.

[2024-03-17 20:49:05 #12 type] 
Type com.sergiosantiago.conectados.models.ShoppingList is not enhanced.

------------------------------------------------------------------------------------------------------------------------

[2024-03-17 20:51:56 #1 store] 
Database '/Users/sergiosantiago/developments/eclipse-workspace/conectados/conectados.odb' is opened by 90758@MacBook-Pro-de-Sergio-2.local

[2024-03-17 20:51:56 #2 store] 
Configuration path: ?

[2024-03-17 20:51:56 #3 type] 
Type com.sergiosantiago.conectados.models.Base.BaseEntity is not enhanced.

[2024-03-17 20:51:56 #4 type] 
Type com.sergiosantiago.conectados.models.Base.BaseNamedEntity is not enhanced.

[2024-03-17 20:51:56 #5 type] 
Type com.sergiosantiago.conectados.models.User is not enhanced.

[2024-03-17 20:51:56 #6 type] 
Type com.sergiosantiago.conectados.models.ProductCategory is not enhanced.

[2024-03-17 20:51:56 #7 type] 
Type com.sergiosantiago.conectados.models.Product is not enhanced.

[2024-03-17 20:51:56 #8 type] 
Type com.sergiosantiago.conectados.models.Note is not enhanced.

[2024-03-17 20:51:56 #9 type] 
Type com.sergiosantiago.conectados.models.Room is not enhanced.

[2024-03-17 20:51:56 #10 type] 
Type com.sergiosantiago.conectados.models.Base.Role is not enhanced.

[2024-03-17 20:51:56 #11 type] 
Type com.sergiosantiago.conectados.models.ShoppingItem is not enhanced.

[2024-03-17 20:51:56 #12 type] 
Type com.sergiosantiago.conectados.models.ShoppingList is not enhanced.

[2024-03-17 20:52:53 #13 store] 
Database '/Users/sergiosantiago/developments/eclipse-workspace/conectados/conectados.odb' is closed by 90758@MacBook-Pro-de-Sergio-2.local

------------------------------------------------------------------------------------------------------------------------

[2024-03-17 20:53:42 #1 store] 
Database '/Users/sergiosantiago/developments/eclipse-workspace/conectados/conectados.odb' is opened by 92287@MacBook-Pro-de-Sergio-2.local

[2024-03-17 20:53:42 #2 store] 
Configuration path: ?

[2024-03-17 20:53:42 #3 type] 
Type com.sergiosantiago.conectados.models.Base.BaseEntity is not enhanced.

[2024-03-17 20:53:42 #4 type] 
Type com.sergiosantiago.conectados.models.Base.BaseNamedEntity is not enhanced.

[2024-03-17 20:53:42 #5 type] 
Type com.sergiosantiago.conectados.models.User is not enhanced.

[2024-03-17 20:53:42 #6 type] 
Type com.sergiosantiago.conectados.models.ProductCategory is not enhanced.

[2024-03-17 20:53:42 #7 type] 
Type com.sergiosantiago.conectados.models.Product is not enhanced.

[2024-03-17 20:53:42 #8 type] 
Type com.sergiosantiago.conectados.models.Note is not enhanced.

[2024-03-17 20:53:42 #9 type] 
Type com.sergiosantiago.conectados.models.Room is not enhanced.

[2024-03-17 20:53:42 #10 type] 
Type com.sergiosantiago.conectados.models.Base.Role is not enhanced.

[2024-03-17 20:53:42 #11 type] 
Type com.sergiosantiago.conectados.models.ShoppingItem is not enhanced.

[2024-03-17 20:53:42 #12 type] 
Type com.sergiosantiago.conectados.models.ShoppingList is not enhanced.

[2024-03-17 20:55:06 #13 store] 
Database '/Users/sergiosantiago/developments/eclipse-workspace/conectados/conectados.odb' is closed by 92287@MacBook-Pro-de-Sergio-2.local

------------------------------------------------------------------------------------------------------------------------

[2024-03-17 20:57:02 #1 store] 
Database '/Users/sergiosantiago/developments/eclipse-workspace/conectados/conectados.odb' is opened by 95144@MacBook-Pro-de-Sergio-2.local

[2024-03-17 20:57:02 #2 store] 
Configuration path: ?

[2024-03-17 20:57:02 #3 type] 
Type com.sergiosantiago.conectados.models.Base.BaseEntity is not enhanced.

[2024-03-17 20:57:02 #4 type] 
Type com.sergiosantiago.conectados.models.Base.BaseNamedEntity is not enhanced.

[2024-03-17 20:57:02 #5 type] 
Type com.sergiosantiago.conectados.models.User is not enhanced.

[2024-03-17 20:57:02 #6 type] 
Type com.sergiosantiago.conectados.models.ProductCategory is not enhanced.

[2024-03-17 20:57:02 #7 type] 
Type com.sergiosantiago.conectados.models.Product is not enhanced.

[2024-03-17 20:57:02 #8 type] 
Type com.sergiosantiago.conectados.models.Note is not enhanced.

[2024-03-17 20:57:02 #9 type] 
Type com.sergiosantiago.conectados.models.Room is not enhanced.

[2024-03-17 20:57:02 #10 type] 
Type com.sergiosantiago.conectados.models.Base.Role is not enhanced.

[2024-03-17 20:57:02 #11 type] 
Type com.sergiosantiago.conectados.models.ShoppingItem is not enhanced.

[2024-03-17 20:57:02 #12 type] 
Type com.sergiosantiago.conectados.models.ShoppingList is not enhanced.

------------------------------------------------------------------------------------------------------------------------

[2024-03-17 20:59:57 #1 store] 
Database '/Users/sergiosantiago/developments/eclipse-workspace/conectados/conectados.odb' has been recovered (tr. 13-13)

[2024-03-17 20:59:57 #2 store] 
Database '/Users/sergiosantiago/developments/eclipse-workspace/conectados/conectados.odb' is opened by 97887@MacBook-Pro-de-Sergio-2.local

[2024-03-17 20:59:57 #3 store] 
Configuration path: ?

[2024-03-17 20:59:57 #4 type] 
Type com.sergiosantiago.conectados.models.Base.BaseEntity is not enhanced.

[2024-03-17 20:59:57 #5 type] 
Type com.sergiosantiago.conectados.models.Base.BaseNamedEntity is not enhanced.

[2024-03-17 20:59:57 #6 type] 
Type com.sergiosantiago.conectados.models.User is not enhanced.

[2024-03-17 20:59:57 #7 type] 
Type com.sergiosantiago.conectados.models.ProductCategory is not enhanced.

[2024-03-17 20:59:57 #8 type] 
Type com.sergiosantiago.conectados.models.Product is not enhanced.

[2024-03-17 20:59:57 #9 type] 
Type com.sergiosantiago.conectados.models.Note is not enhanced.

[2024-03-17 20:59:57 #10 type] 
Type com.sergiosantiago.conectados.models.Room is not enhanced.

[2024-03-17 20:59:57 #11 type] 
Type com.sergiosantiago.conectados.models.Base.Role is not enhanced.

[2024-03-17 20:59:57 #12 type] 
Type com.sergiosantiago.conectados.models.ShoppingItem is not enhanced.

[2024-03-17 20:59:57 #13 type] 
Type com.sergiosantiago.conectados.models.ShoppingList is not enhanced.

------------------------------------------------------------------------------------------------------------------------

[2024-03-17 21:00:58 #1 store] 
Database '/Users/sergiosantiago/developments/eclipse-workspace/conectados/conectados.odb' is opened by 98759@MacBook-Pro-de-Sergio-2.local

[2024-03-17 21:00:58 #2 store] 
Configuration path: ?

[2024-03-17 21:00:58 #3 type] 
Type com.sergiosantiago.conectados.models.Base.BaseEntity is not enhanced.

[2024-03-17 21:00:58 #4 type] 
Type com.sergiosantiago.conectados.models.Base.BaseNamedEntity is not enhanced.

[2024-03-17 21:00:58 #5 type] 
Type com.sergiosantiago.conectados.models.User is not enhanced.

[2024-03-17 21:00:58 #6 type] 
Type com.sergiosantiago.conectados.models.ProductCategory is not enhanced.

[2024-03-17 21:00:58 #7 type] 
Type com.sergiosantiago.conectados.models.Product is not enhanced.

[2024-03-17 21:00:58 #8 type] 
Type com.sergiosantiago.conectados.models.Note is not enhanced.

[2024-03-17 21:00:58 #9 type] 
Type com.sergiosantiago.conectados.models.Room is not enhanced.

[2024-03-17 21:00:58 #10 type] 
Type com.sergiosantiago.conectados.models.Base.Role is not enhanced.

[2024-03-17 21:00:58 #11 type] 
Type com.sergiosantiago.conectados.models.ShoppingItem is not enhanced.

[2024-03-17 21:00:58 #12 type] 
Type com.sergiosantiago.conectados.models.ShoppingList is not enhanced.

------------------------------------------------------------------------------------------------------------------------

[2024-03-17 21:03:09 #1 store] 
Database '/Users/sergiosantiago/developments/eclipse-workspace/conectados/conectados.odb' is opened by 988@MacBook-Pro-de-Sergio-2.local

[2024-03-17 21:03:09 #2 store] 
Configuration path: ?

[2024-03-17 21:03:09 #3 type] 
Type com.sergiosantiago.conectados.models.Base.BaseEntity is not enhanced.

[2024-03-17 21:03:09 #4 type] 
Type com.sergiosantiago.conectados.models.Base.BaseNamedEntity is not enhanced.

[2024-03-17 21:03:09 #5 type] 
Type com.sergiosantiago.conectados.models.User is not enhanced.

[2024-03-17 21:03:09 #6 type] 
Type com.sergiosantiago.conectados.models.ProductCategory is not enhanced.

[2024-03-17 21:03:09 #7 type] 
Type com.sergiosantiago.conectados.models.Product is not enhanced.

[2024-03-17 21:03:09 #8 type] 
Type com.sergiosantiago.conectados.models.Note is not enhanced.

[2024-03-17 21:03:09 #9 type] 
Type com.sergiosantiago.conectados.models.Room is not enhanced.

[2024-03-17 21:03:09 #10 type] 
Type com.sergiosantiago.conectados.models.Base.Role is not enhanced.

[2024-03-17 21:03:09 #11 type] 
Type com.sergiosantiago.conectados.models.ShoppingItem is not enhanced.

[2024-03-17 21:03:09 #12 type] 
Type com.sergiosantiago.conectados.models.ShoppingList is not enhanced.

