------------------------------------------------------------------------------------------------------------------------

[2024-03-14 10:14:51 #1 store] 
Database '/Users/sergiosantiago/developments/eclipse-workspace/conectados/conectados.odb' is opened by 33997@MacBook-Pro-de-Sergio-2.local

[2024-03-14 10:14:51 #2 store] 
Configuration path: ?

[2024-03-14 10:14:51 #3 type] 
Type com.sergiosantiago.conectados.models.Product is not enhanced.

[2024-03-14 10:20:05 #4 store] 
Database '/Users/sergiosantiago/developments/eclipse-workspace/conectados/conectados.odb' is closed by 33997@MacBook-Pro-de-Sergio-2.local

------------------------------------------------------------------------------------------------------------------------

[2024-03-14 10:20:18 #1 store] 
Database '/Users/sergiosantiago/developments/eclipse-workspace/conectados/conectados.odb' is opened by 39343@MacBook-Pro-de-Sergio-2.local

[2024-03-14 10:20:18 #2 store] 
Configuration path: ?

[2024-03-14 10:20:18 #3 type] 
Type com.sergiosantiago.conectados.models.Product is not enhanced.

[2024-03-14 10:43:00 #4 store] 
Database '/Users/sergiosantiago/developments/eclipse-workspace/conectados/conectados.odb' is closed by 39343@MacBook-Pro-de-Sergio-2.local

------------------------------------------------------------------------------------------------------------------------

[2024-03-14 20:44:31 #1 store] 
Database '/Users/sergiosantiago/developments/eclipse-workspace/conectados/conectados.odb' is opened by 84892@MacBook-Pro-de-Sergio-2.local

[2024-03-14 20:44:31 #2 store] 
Configuration path: ?

[2024-03-14 20:44:31 #3 type] 
Type com.sergiosantiago.conectados.models.Product is not enhanced.

[2024-03-14 20:44:31 #4 type] 
Type com.sergiosantiago.conectados.models.ShoppingItem is not enhanced.

[2024-03-14 20:44:31 #5 type] 
Type com.sergiosantiago.conectados.models.ProductCategory is not enhanced.

[2024-03-14 20:44:31 #6 type] 
Type com.sergiosantiago.conectados.models.Room is not enhanced.

[2024-03-14 20:44:31 #7 type] 
Type com.sergiosantiago.conectados.models.User is not enhanced.

[2024-03-14 20:44:31 #8 type] 
Type com.sergiosantiago.conectados.models.Price is not enhanced.

[2024-03-14 20:44:31 #9 type] 
Type com.sergiosantiago.conectados.models.ShoppingList is not enhanced.

[2024-03-14 20:44:31 #10 type] 
Type com.sergiosantiago.conectados.models.Note is not enhanced.

[2024-03-14 20:44:31 #11 type] 
Type com.sergiosantiago.conectados.models.Currency is not enhanced.

[2024-03-14 20:44:31 #12 store] 
Database '/Users/sergiosantiago/developments/eclipse-workspace/conectados/conectados.odb' is closed by 84892@MacBook-Pro-de-Sergio-2.local

------------------------------------------------------------------------------------------------------------------------

[2024-03-14 20:45:13 #1 store] 
Database '/Users/sergiosantiago/developments/eclipse-workspace/conectados/conectados.odb' is opened by 85405@MacBook-Pro-de-Sergio-2.local

[2024-03-14 20:45:13 #2 store] 
Configuration path: ?

[2024-03-14 20:45:13 #3 type] 
Type com.sergiosantiago.conectados.models.Product is not enhanced.

[2024-03-14 20:45:13 #4 type] 
Type com.sergiosantiago.conectados.models.ShoppingItem is not enhanced.

[2024-03-14 20:45:13 #5 type] 
Type com.sergiosantiago.conectados.models.ProductCategory is not enhanced.

[2024-03-14 20:45:13 #6 type] 
Type com.sergiosantiago.conectados.models.Room is not enhanced.

[2024-03-14 20:45:13 #7 type] 
Type com.sergiosantiago.conectados.models.User is not enhanced.

[2024-03-14 20:45:13 #8 type] 
Type com.sergiosantiago.conectados.models.Price is not enhanced.

[2024-03-14 20:45:13 #9 type] 
Type com.sergiosantiago.conectados.models.ShoppingList is not enhanced.

[2024-03-14 20:45:13 #10 type] 
Type com.sergiosantiago.conectados.models.Note is not enhanced.

[2024-03-14 20:45:13 #11 type] 
Type com.sergiosantiago.conectados.models.Currency is not enhanced.

[2024-03-14 20:45:13 #12 store] 
Database '/Users/sergiosantiago/developments/eclipse-workspace/conectados/conectados.odb' is closed by 85405@MacBook-Pro-de-Sergio-2.local

------------------------------------------------------------------------------------------------------------------------

[2024-03-14 20:45:27 #1 store] 
Database '/Users/sergiosantiago/developments/eclipse-workspace/conectados/conectados.odb' is opened by 85540@MacBook-Pro-de-Sergio-2.local

[2024-03-14 20:45:27 #2 store] 
Configuration path: ?

[2024-03-14 20:47:50 #3 store] 
Database '/Users/sergiosantiago/developments/eclipse-workspace/conectados/conectados.odb' is closed by 85540@MacBook-Pro-de-Sergio-2.local

------------------------------------------------------------------------------------------------------------------------

[2024-03-14 20:48:00 #1 store] 
Database '/Users/sergiosantiago/developments/eclipse-workspace/conectados/conectados.odb' is opened by 87799@MacBook-Pro-de-Sergio-2.local

[2024-03-14 20:48:00 #2 store] 
Configuration path: ?

[2024-03-14 20:48:01 #3 type] 
Type com.sergiosantiago.conectados.models.Product is not enhanced.

[2024-03-14 20:48:01 #4 type] 
Type com.sergiosantiago.conectados.models.ShoppingItem is not enhanced.

[2024-03-14 20:48:01 #5 type] 
Type com.sergiosantiago.conectados.models.ProductCategory is not enhanced.

[2024-03-14 20:48:01 #6 type] 
Type com.sergiosantiago.conectados.models.Room is not enhanced.

[2024-03-14 20:48:01 #7 type] 
Type com.sergiosantiago.conectados.models.User is not enhanced.

[2024-03-14 20:48:01 #8 type] 
Type com.sergiosantiago.conectados.models.Price is not enhanced.

[2024-03-14 20:48:01 #9 type] 
Type com.sergiosantiago.conectados.models.ShoppingList is not enhanced.

[2024-03-14 20:48:01 #10 type] 
Type com.sergiosantiago.conectados.models.Note is not enhanced.

[2024-03-14 20:48:01 #11 type] 
Type com.sergiosantiago.conectados.models.Currency is not enhanced.

[2024-03-14 20:48:01 #12 store] 
Database '/Users/sergiosantiago/developments/eclipse-workspace/conectados/conectados.odb' is closed by 87799@MacBook-Pro-de-Sergio-2.local

------------------------------------------------------------------------------------------------------------------------

[2024-03-14 20:48:18 #1 store] 
Database '/Users/sergiosantiago/developments/eclipse-workspace/conectados/conectados.odb' is opened by 88059@MacBook-Pro-de-Sergio-2.local

[2024-03-14 20:48:18 #2 store] 
Configuration path: ?

[2024-03-14 20:48:18 #3 type] 
Type com.sergiosantiago.conectados.models.Product is not enhanced.

[2024-03-14 20:48:18 #4 type] 
Type com.sergiosantiago.conectados.models.ShoppingItem is not enhanced.

[2024-03-14 20:48:18 #5 type] 
Type com.sergiosantiago.conectados.models.ProductCategory is not enhanced.

[2024-03-14 20:48:18 #6 type] 
Type com.sergiosantiago.conectados.models.Room is not enhanced.

[2024-03-14 20:48:18 #7 type] 
Type com.sergiosantiago.conectados.models.User is not enhanced.

[2024-03-14 20:48:18 #8 type] 
Type com.sergiosantiago.conectados.models.Price is not enhanced.

[2024-03-14 20:48:18 #9 type] 
Type com.sergiosantiago.conectados.models.ShoppingList is not enhanced.

[2024-03-14 20:48:18 #10 type] 
Type com.sergiosantiago.conectados.models.Note is not enhanced.

[2024-03-14 20:48:18 #11 type] 
Type com.sergiosantiago.conectados.models.Currency is not enhanced.

[2024-03-14 20:48:18 #12 store] 
Database '/Users/sergiosantiago/developments/eclipse-workspace/conectados/conectados.odb' is closed by 88059@MacBook-Pro-de-Sergio-2.local

------------------------------------------------------------------------------------------------------------------------

[2024-03-14 20:57:38 #1 store] 
Database '/Users/sergiosantiago/developments/eclipse-workspace/conectados/conectados.odb' is opened by 95302@MacBook-Pro-de-Sergio-2.local

[2024-03-14 20:57:38 #2 store] 
Configuration path: ?

[2024-03-14 20:57:38 #3 type] 
Type com.sergiosantiago.conectados.models.Product is not enhanced.

[2024-03-14 20:57:38 #4 type] 
Type com.sergiosantiago.conectados.models.ShoppingItem is not enhanced.

[2024-03-14 20:57:38 #5 type] 
Type com.sergiosantiago.conectados.models.ProductCategory is not enhanced.

[2024-03-14 20:57:38 #6 type] 
Type com.sergiosantiago.conectados.models.Room is not enhanced.

[2024-03-14 20:57:38 #7 type] 
Type com.sergiosantiago.conectados.models.User is not enhanced.

[2024-03-14 20:57:38 #8 type] 
Type com.sergiosantiago.conectados.models.Price is not enhanced.

[2024-03-14 20:57:38 #9 type] 
Type com.sergiosantiago.conectados.models.ShoppingList is not enhanced.

[2024-03-14 20:57:38 #10 type] 
Type com.sergiosantiago.conectados.models.Note is not enhanced.

[2024-03-14 20:57:38 #11 type] 
Type com.sergiosantiago.conectados.models.Currency is not enhanced.

[2024-03-14 20:57:39 #12 store] 
Database '/Users/sergiosantiago/developments/eclipse-workspace/conectados/conectados.odb' is closed by 95302@MacBook-Pro-de-Sergio-2.local

------------------------------------------------------------------------------------------------------------------------

[2024-03-14 20:59:36 #1 store] 
Database '/Users/sergiosantiago/developments/eclipse-workspace/conectados/conectados.odb' is opened by 96851@MacBook-Pro-de-Sergio-2.local

[2024-03-14 20:59:36 #2 store] 
Configuration path: ?

[2024-03-14 20:59:36 #3 type] 
Type com.sergiosantiago.conectados.models.Product is not enhanced.

[2024-03-14 20:59:36 #4 type] 
Type com.sergiosantiago.conectados.models.ShoppingItem is not enhanced.

[2024-03-14 20:59:36 #5 type] 
Type com.sergiosantiago.conectados.models.ProductCategory is not enhanced.

[2024-03-14 20:59:36 #6 type] 
Type com.sergiosantiago.conectados.models.Room is not enhanced.

[2024-03-14 20:59:36 #7 type] 
Type com.sergiosantiago.conectados.models.User is not enhanced.

[2024-03-14 20:59:36 #8 type] 
Type com.sergiosantiago.conectados.models.Price is not enhanced.

[2024-03-14 20:59:36 #9 type] 
Type com.sergiosantiago.conectados.models.ShoppingList is not enhanced.

[2024-03-14 20:59:36 #10 type] 
Type com.sergiosantiago.conectados.models.Note is not enhanced.

[2024-03-14 20:59:36 #11 type] 
Type com.sergiosantiago.conectados.models.Currency is not enhanced.

[2024-03-14 20:59:40 #12 store] 
Database '/Users/sergiosantiago/developments/eclipse-workspace/conectados/conectados.odb' is closed by 96851@MacBook-Pro-de-Sergio-2.local

------------------------------------------------------------------------------------------------------------------------

[2024-03-14 20:59:48 #1 store] 
Database '/Users/sergiosantiago/developments/eclipse-workspace/conectados/conectados.odb' is opened by 97005@MacBook-Pro-de-Sergio-2.local

[2024-03-14 20:59:48 #2 store] 
Configuration path: ?

[2024-03-14 21:01:36 #3 store] 
Database '/Users/sergiosantiago/developments/eclipse-workspace/conectados/conectados.odb' is closed by 97005@MacBook-Pro-de-Sergio-2.local

------------------------------------------------------------------------------------------------------------------------

[2024-03-14 21:01:40 #1 store] 
Database '/Users/sergiosantiago/developments/eclipse-workspace/conectados/conectados.odb' is opened by 98418@MacBook-Pro-de-Sergio-2.local

[2024-03-14 21:01:40 #2 store] 
Configuration path: ?

[2024-03-14 21:01:40 #3 type] 
Type com.sergiosantiago.conectados.models.Product is not enhanced.

[2024-03-14 21:01:40 #4 type] 
Type com.sergiosantiago.conectados.models.ShoppingItem is not enhanced.

[2024-03-14 21:01:40 #5 type] 
Type com.sergiosantiago.conectados.models.ProductCategory is not enhanced.

[2024-03-14 21:01:40 #6 type] 
Type com.sergiosantiago.conectados.models.Room is not enhanced.

[2024-03-14 21:01:40 #7 type] 
Type com.sergiosantiago.conectados.models.User is not enhanced.

[2024-03-14 21:01:40 #8 type] 
Type com.sergiosantiago.conectados.models.Price is not enhanced.

[2024-03-14 21:01:40 #9 type] 
Type com.sergiosantiago.conectados.models.ShoppingList is not enhanced.

[2024-03-14 21:01:40 #10 type] 
Type com.sergiosantiago.conectados.models.Note is not enhanced.

[2024-03-14 21:01:40 #11 type] 
Type com.sergiosantiago.conectados.models.Currency is not enhanced.

[2024-03-14 21:01:44 #12 store] 
Database '/Users/sergiosantiago/developments/eclipse-workspace/conectados/conectados.odb' is closed by 98418@MacBook-Pro-de-Sergio-2.local

------------------------------------------------------------------------------------------------------------------------

[2024-03-14 21:01:53 #1 store] 
Database '/Users/sergiosantiago/developments/eclipse-workspace/conectados/conectados.odb' is opened by 98593@MacBook-Pro-de-Sergio-2.local

[2024-03-14 21:01:53 #2 store] 
Configuration path: ?

[2024-03-14 21:03:43 #3 store] 
Database '/Users/sergiosantiago/developments/eclipse-workspace/conectados/conectados.odb' is closed by 98593@MacBook-Pro-de-Sergio-2.local

------------------------------------------------------------------------------------------------------------------------

[2024-03-14 21:05:41 #1 store] 
Database '/Users/sergiosantiago/developments/eclipse-workspace/conectados/conectados.odb' is opened by 2058@MacBook-Pro-de-Sergio-2.local

[2024-03-14 21:05:41 #2 store] 
Configuration path: ?

[2024-03-14 21:05:41 #3 type] 
Type com.sergiosantiago.conectados.models.Base.BaseEntity is not enhanced.

[2024-03-14 21:05:41 #4 type] 
Type com.sergiosantiago.conectados.models.Base.BaseNamedEntity is not enhanced.

[2024-03-14 21:05:41 #5 type] 
Type com.sergiosantiago.conectados.models.Product is not enhanced.

[2024-03-14 21:05:41 #6 type] 
Type com.sergiosantiago.conectados.models.ShoppingItem is not enhanced.

[2024-03-14 21:05:41 #7 type] 
Type com.sergiosantiago.conectados.models.ProductCategory is not enhanced.

[2024-03-14 21:05:41 #8 type] 
Type com.sergiosantiago.conectados.models.Room is not enhanced.

[2024-03-14 21:05:41 #9 type] 
Type com.sergiosantiago.conectados.models.User is not enhanced.

[2024-03-14 21:05:41 #10 type] 
Type com.sergiosantiago.conectados.models.Price is not enhanced.

[2024-03-14 21:05:41 #11 type] 
Type com.sergiosantiago.conectados.models.ShoppingList is not enhanced.

[2024-03-14 21:05:41 #12 type] 
Type com.sergiosantiago.conectados.models.Note is not enhanced.

[2024-03-14 21:05:41 #13 type] 
Type com.sergiosantiago.conectados.models.Currency is not enhanced.

------------------------------------------------------------------------------------------------------------------------

[2024-03-14 21:06:04 #1 store] 
Database '/Users/sergiosantiago/developments/eclipse-workspace/conectados/conectados.odb' is opened by 2423@MacBook-Pro-de-Sergio-2.local

[2024-03-14 21:06:04 #2 store] 
Configuration path: ?

[2024-03-14 21:06:04 #3 type] 
Type com.sergiosantiago.conectados.models.Base.BaseEntity is not enhanced.

[2024-03-14 21:06:04 #4 type] 
Type com.sergiosantiago.conectados.models.Base.BaseNamedEntity is not enhanced.

[2024-03-14 21:06:04 #5 type] 
Type com.sergiosantiago.conectados.models.Product is not enhanced.

[2024-03-14 21:06:04 #6 type] 
Type com.sergiosantiago.conectados.models.ShoppingItem is not enhanced.

[2024-03-14 21:06:04 #7 type] 
Type com.sergiosantiago.conectados.models.ProductCategory is not enhanced.

[2024-03-14 21:06:04 #8 type] 
Type com.sergiosantiago.conectados.models.Room is not enhanced.

[2024-03-14 21:06:04 #9 type] 
Type com.sergiosantiago.conectados.models.User is not enhanced.

[2024-03-14 21:06:04 #10 type] 
Type com.sergiosantiago.conectados.models.Price is not enhanced.

[2024-03-14 21:06:04 #11 type] 
Type com.sergiosantiago.conectados.models.ShoppingList is not enhanced.

[2024-03-14 21:06:04 #12 type] 
Type com.sergiosantiago.conectados.models.Note is not enhanced.

[2024-03-14 21:06:04 #13 type] 
Type com.sergiosantiago.conectados.models.Currency is not enhanced.

[2024-03-14 21:06:04 #14 store] 
Database '/Users/sergiosantiago/developments/eclipse-workspace/conectados/conectados.odb' is closed by 2423@MacBook-Pro-de-Sergio-2.local

------------------------------------------------------------------------------------------------------------------------

[2024-03-14 21:08:40 #1 store] 
Database '/Users/sergiosantiago/developments/eclipse-workspace/conectados/conectados.odb' is opened by 4369@MacBook-Pro-de-Sergio-2.local

[2024-03-14 21:08:40 #2 store] 
Configuration path: ?

[2024-03-14 21:08:40 #3 type] 
Type com.sergiosantiago.conectados.models.Base.BaseEntity is not enhanced.

[2024-03-14 21:08:40 #4 type] 
Type com.sergiosantiago.conectados.models.Base.BaseNamedEntity is not enhanced.

[2024-03-14 21:08:40 #5 type] 
Type com.sergiosantiago.conectados.models.Product is not enhanced.

[2024-03-14 21:08:40 #6 type] 
Type com.sergiosantiago.conectados.models.ShoppingItem is not enhanced.

[2024-03-14 21:08:40 #7 type] 
Type com.sergiosantiago.conectados.models.ProductCategory is not enhanced.

[2024-03-14 21:08:40 #8 type] 
Type com.sergiosantiago.conectados.models.Room is not enhanced.

[2024-03-14 21:08:40 #9 type] 
Type com.sergiosantiago.conectados.models.User is not enhanced.

[2024-03-14 21:08:40 #10 type] 
Type com.sergiosantiago.conectados.models.Price is not enhanced.

[2024-03-14 21:08:40 #11 type] 
Type com.sergiosantiago.conectados.models.ShoppingList is not enhanced.

[2024-03-14 21:08:40 #12 type] 
Type com.sergiosantiago.conectados.models.Note is not enhanced.

[2024-03-14 21:08:40 #13 type] 
Type com.sergiosantiago.conectados.models.Currency is not enhanced.

[2024-03-14 21:08:40 #14 store] 
Database '/Users/sergiosantiago/developments/eclipse-workspace/conectados/conectados.odb' is closed by 4369@MacBook-Pro-de-Sergio-2.local

------------------------------------------------------------------------------------------------------------------------

[2024-03-14 21:13:15 #1 store] 
Database '/Users/sergiosantiago/developments/eclipse-workspace/conectados/conectados.odb' is opened by 7757@MacBook-Pro-de-Sergio-2.local

[2024-03-14 21:13:15 #2 store] 
Configuration path: ?

[2024-03-14 21:13:15 #3 type] 
Type com.sergiosantiago.conectados.models.Base.BaseEntity is not enhanced.

[2024-03-14 21:13:15 #4 type] 
Type com.sergiosantiago.conectados.models.Base.BaseNamedEntity is not enhanced.

[2024-03-14 21:13:15 #5 type] 
Type com.sergiosantiago.conectados.models.Product is not enhanced.

[2024-03-14 21:13:15 #6 type] 
Type com.sergiosantiago.conectados.models.ShoppingItem is not enhanced.

[2024-03-14 21:13:15 #7 type] 
Type com.sergiosantiago.conectados.models.ProductCategory is not enhanced.

[2024-03-14 21:13:15 #8 type] 
Type com.sergiosantiago.conectados.models.Room is not enhanced.

[2024-03-14 21:13:15 #9 type] 
Type com.sergiosantiago.conectados.models.User is not enhanced.

[2024-03-14 21:13:15 #10 type] 
Type com.sergiosantiago.conectados.models.Price is not enhanced.

[2024-03-14 21:13:15 #11 type] 
Type com.sergiosantiago.conectados.models.ShoppingList is not enhanced.

[2024-03-14 21:13:15 #12 type] 
Type com.sergiosantiago.conectados.models.Note is not enhanced.

[2024-03-14 21:13:19 #13 store] 
Database '/Users/sergiosantiago/developments/eclipse-workspace/conectados/conectados.odb' is closed by 7757@MacBook-Pro-de-Sergio-2.local

------------------------------------------------------------------------------------------------------------------------

[2024-03-14 21:13:35 #1 store] 
Database '/Users/sergiosantiago/developments/eclipse-workspace/conectados/conectados.odb' is opened by 8061@MacBook-Pro-de-Sergio-2.local

[2024-03-14 21:13:35 #2 store] 
Configuration path: ?

[2024-03-14 21:14:07 #3 store] 
Database '/Users/sergiosantiago/developments/eclipse-workspace/conectados/conectados.odb' is closed by 8061@MacBook-Pro-de-Sergio-2.local

------------------------------------------------------------------------------------------------------------------------

[2024-03-14 21:26:54 #1 store] 
Database '/Users/sergiosantiago/developments/eclipse-workspace/conectados/conectados.odb' is opened by 18139@MacBook-Pro-de-Sergio-2.local

[2024-03-14 21:26:54 #2 store] 
Configuration path: ?

[2024-03-14 21:26:54 #3 type] 
Type com.sergiosantiago.conectados.models.Base.BaseEntity is not enhanced.

[2024-03-14 21:26:54 #4 type] 
Type com.sergiosantiago.conectados.models.Base.BaseNamedEntity is not enhanced.

[2024-03-14 21:26:54 #5 type] 
Type com.sergiosantiago.conectados.models.Product is not enhanced.

[2024-03-14 21:26:54 #6 type] 
Type com.sergiosantiago.conectados.models.ShoppingItem is not enhanced.

[2024-03-14 21:26:54 #7 type] 
Type com.sergiosantiago.conectados.models.ProductCategory is not enhanced.

[2024-03-14 21:26:54 #8 type] 
Type com.sergiosantiago.conectados.models.Room is not enhanced.

[2024-03-14 21:26:54 #9 type] 
Type com.sergiosantiago.conectados.models.User is not enhanced.

[2024-03-14 21:26:54 #10 type] 
Type com.sergiosantiago.conectados.models.ShoppingList is not enhanced.

[2024-03-14 21:26:54 #11 type] 
Type com.sergiosantiago.conectados.models.Note is not enhanced.

[2024-03-14 21:26:57 #12 store] 
Database '/Users/sergiosantiago/developments/eclipse-workspace/conectados/conectados.odb' is closed by 18139@MacBook-Pro-de-Sergio-2.local

------------------------------------------------------------------------------------------------------------------------

[2024-03-14 21:27:47 #1 store] 
Database '/Users/sergiosantiago/developments/eclipse-workspace/conectados/conectados.odb' is opened by 18833@MacBook-Pro-de-Sergio-2.local

[2024-03-14 21:27:47 #2 store] 
Configuration path: ?

[2024-03-14 21:27:47 #3 type] 
Type com.sergiosantiago.conectados.models.Base.BaseEntity is not enhanced.

[2024-03-14 21:27:47 #4 type] 
Type com.sergiosantiago.conectados.models.Base.BaseNamedEntity is not enhanced.

[2024-03-14 21:27:47 #5 type] 
Type com.sergiosantiago.conectados.models.Product is not enhanced.

[2024-03-14 21:27:47 #6 type] 
Type com.sergiosantiago.conectados.models.ShoppingItem is not enhanced.

[2024-03-14 21:27:47 #7 type] 
Type com.sergiosantiago.conectados.models.ProductCategory is not enhanced.

[2024-03-14 21:27:47 #8 type] 
Type com.sergiosantiago.conectados.models.Room is not enhanced.

[2024-03-14 21:27:47 #9 type] 
Type com.sergiosantiago.conectados.models.User is not enhanced.

[2024-03-14 21:27:47 #10 type] 
Type com.sergiosantiago.conectados.models.ShoppingList is not enhanced.

[2024-03-14 21:27:47 #11 type] 
Type com.sergiosantiago.conectados.models.Note is not enhanced.

[2024-03-14 21:27:50 #12 store] 
Database '/Users/sergiosantiago/developments/eclipse-workspace/conectados/conectados.odb' is closed by 18833@MacBook-Pro-de-Sergio-2.local

